1 3 5 7 9 11 13 15 17 19 21 23 25 27 29 31 33 35 37 39 41 43 45 47 49 51 53 55 57 59 61 63 65 67 69 71 73 75 77 79 81 83 85 87 89 91 93 95 97 99 48 46 44 42 40 38 36 34 80 78 76 74 72 70 68 66 64 62 60 58 56 54 52 50 32 30 28 26 24 22 20 18 82 88 86 84 16 14 90 92 94 4 6 8 10 12 96 98 2
1 2
3 4
3 2
5 4
5 6
7 6
7 8
9 8
9 10
11 10
11 12
13 14
13 12
15 16
15 14
17 18
17 16
19 20
19 18
21 22
21 20
23 24
23 22
25 26
25 24
27 28
27 26
29 30
29 28
31 32
31 30
33 34
33 32
35 36
35 34
37 38
37 36
39 40
39 38
41 42
41 40
43 44
43 42
45 46
45 44
47 48
47 46
49 48
49 50
51 52
51 50
53 54
53 52
55 56
55 54
57 58
57 56
59 60
59 58
61 62
61 60
63 64
63 62
65 66
65 64
67 68
67 66
69 70
69 68
71 72
71 70
73 74
73 72
75 76
75 74
77 78
77 76
79 80
79 78
81 80
81 82
83 82
83 84
85 86
85 84
87 88
87 86
89 88
89 90
91 90
91 92
93 92
93 94
95 94
95 96
97 96
97 98
99 98