1 3 5 7 9 11 13 15 17 19 21 23 25 27 29 31 33 35 37 39 41 43 45 47 49 51 53 55 57 59 61 63 65 67 69 71 73 75 77 79 81 83 85 87 89 91 93 95 97 44 42 40 38 36 34 32 30 28 26 24 22 72 74 76 78 80 82 84 86 88 90 92 94 96 98 99 10 12 14 46 20 18 16 8 6 4 2 48 50 52 62 64 66 68 70 54 56 58
1 99
1 2
3 4
3 2
5 6
5 4
7 8
7 6
9 10
9 8
11 10
11 12
13 12
13 14
15 14
15 16
17 18
17 16
19 20
19 18
21 22
21 20
23 24
23 22
25 26
25 24
27 28
27 26
29 30
29 28
31 32
31 30
33 34
33 32
35 36
35 34
37 38
37 36
39 40
39 38
41 42
41 40
43 44
43 42
45 44
45 46
47 46
47 48
49 48
49 50
51 50
51 52
53 52
53 54
55 54
55 56
57 56
57 58
59 58
61 62
63 62
63 64
65 64
65 66
67 66
67 68
69 68
69 70
71 72
71 70
73 72
73 74
75 74
75 76
77 76
77 78
79 78
79 80
81 80
81 82
83 82
83 84
85 84
85 86
87 86
87 88
89 88
89 90
91 90
91 92
93 92
93 94
95 94
95 96
97 96
97 98
98 99