1 5 8 23 82 0 7 16 36 10 11 12 17 32 38 39 44 90 35 45 81 83 86 87 88 89 93 97 53 64 65 66 69 71 72 99 46 61 75 52 24 98 19 55 21 80 18 79 62 4 37 85 78 48 47 29 9 70 34 15 57 13 67 14 94 30 42 92 41 96 3 2 33 28 20 68 73 50 74 91 22 77 95 56 63 6
1 29
5 42
5 41
8 50
23 94
23 96
23 95
82 19
0 15
7 48
7 47
7 46
16 73
36 47
36 29
36 73
36 3
10 55
11 9
12 62
12 63
17 78
17 77
32 52
32 2
38 4
39 85
39 4
39 94
39 92
44 37
44 6
90 21
90 80
35 3
45 56
45 6
81 18
83 98
83 19
83 30
86 28
86 20
87 20
88 46
88 21
89 21
89 41
89 96
93 22
97 24
97 68
53 9
64 57
64 13
65 13
66 55
66 13
69 14
71 15
71 57
72 15
99 24
46 61
61 75
75 52
75 70
52 9
24 98
80 18
18 79
79 62
4 37
85 20
78 48
47 67
70 15
34 3
67 14
14 68
92 22
2 33
50 74
74 91
91 22