1 94 9 22 93 11 19 24 66 91 16 31 32 35 42 64 83 85 3 8 14 38 51 60 74 77 33 40 41 45 46 58 65 67 68 69 76 82 12 2 4 29 61 20 86 6 23 39 17 26 52 18 5 71 75 15 92 7 88 10 79 34 57 84 36 78 80 62 55 21 28 13
1 4
1 29
1 5
1 79
1 80
1 62
94 23
94 2
94 92
9 5
9 88
9 28
22 52
93 86
93 6
11 12
11 39
11 52
11 10
19 61
19 20
19 86
19 18
24 26
24 71
66 7
91 29
91 26
91 13
16 17
16 78
31 10
31 57
32 23
35 20
35 34
35 36
42 21
64 88
83 84
83 36
85 75
85 15
3 2
3 21
8 12
8 7
14 55
38 7
51 92
60 61
74 6
74 71
77 75
33 34
40 20
41 39
45 79
46 80
58 84
65 78
67 52
68 57
69 2
76 13
82 88
12 2
2 4
17 18
15 92
62 55