44 1 39 46 56 2 24 63 18 50 84 94 3 10 98 20 42 45 49 69 4 48 83 89 97 51 57 64 60 11 40 35 92 79 91 67 59 81 28 5 12 27 68 41 65 74 32 87 21 43 77 93 16 9 88 95 13 54 34 61 37 71 33
44 68
44 41
44 61
1 87
1 93
1 34
1 13
39 79
46 60
46 91
56 61
56 34
2 87
24 28
24 5
24 12
63 11
63 40
18 87
50 81
50 32
84 27
94 92
94 67
3 81
10 74
98 12
20 35
20 59
42 95
45 28
49 16
69 5
4 87
48 54
83 77
89 40
97 93
51 68
57 37
64 21
60 11
40 35
40 68
35 95
79 28
67 59
59 81
59 33
28 87
27 68
68 16
41 65
65 74
21 43
21 93
43 77
93 9
9 88
13 54
61 37
71 33