0 35 36 37 38 41 42 45 46 49 50 53 54 57 58 61 62 65 66 69 70 73 74 77 78 81 82 85 86 89 90 93 94 97 98 22 14 6 76 21 1 18 20 12 8 4 24 28 10 2 16 30 26 5 44 88 27 32 87 25 83 31 96 17 68 33
0 6
0 33
35 1
35 33
36 1
37 2
38 2
41 4
42 4
42 44
45 6
46 6
49 8
50 8
53 10
54 10
57 12
58 12
61 14
62 14
65 16
66 68
69 18
70 18
73 20
74 76
74 20
77 22
78 22
81 83
82 24
85 87
86 88
89 28
90 28
93 30
94 96
97 32
98 32
22 31
14 8
14 24
76 21
21 17
21 26
1 27
18 27
20 31
12 24
12 27
12 17
12 32
4 16
24 28
24 10
2 17
2 30
16 27
26 25
5 44
88 27
27 87
25 83
31 96
17 68