0 13 29 33 49 53 1 9 26 5 15 18 21 31 39 44 2 4 30 32 41 42 45 14 55 93 89 97 68 79 19 10 3 20 54 94 57 38 61 58 60 64 50 47 56 74 12 27 83 88 80 71 86 76 40 65 48 67 85 87 78
0 93
0 89
0 97
0 68
0 79
0 10
0 74
0 83
0 88
0 71
0 86
0 76
0 67
0 85
0 87
0 78
13 3
13 20
13 47
29 38
29 61
29 64
33 20
49 12
53 48
1 40
1 65
9 58
9 60
9 71
9 48
26 54
26 57
26 56
5 68
15 76
18 78
21 19
21 38
31 87
39 93
44 97
2 27
4 56
30 47
32 88
41 94
41 57
42 50
45 38
14 60
55 20
10 3
20 54
20 80
61 58
64 50
56 40
74 12
27 83