0 2 6 8 10 12 14 18 25 27 31 33 35 37 39 50 52 56 58 60 62 64 75 77 81 83 85 87 89 16 20 22 24 41 43 45 47 66 68 70 72 74 91 93 95 97 99 57 92 88 32 48 49 19 65 98 96 63 61 40 17 13 4 5 34 38 30 21 73 55 71 69 80 36 59 15 90 9 42 51 44 67 94 54 26 82 84 76
0 4
2 9
6 5
8 9
10 19
10 9
12 17
14 5
14 13
14 15
18 49
18 19
18 17
25 30
25 26
27 26
31 48
31 30
33 32
33 34
35 34
35 36
37 38
37 36
39 38
39 30
39 40
50 55
50 51
50 54
52 51
56 57
56 55
58 57
58 59
60 61
60 59
62 61
64 65
64 55
75 80
77 76
81 98
81 80
81 82
83 82
83 84
85 84
87 92
87 88
89 88
89 80
89 90
16 17
16 15
20 19
20 21
22 21
24 15
41 40
41 42
43 42
43 44
45 44
47 48
66 65
66 67
68 69
68 67
70 71
70 69
72 73
72 71
74 40
74 73
91 90
93 92
93 94
95 96
95 94
97 96
99 65
99 98
48 49
63 54
13 4
82 76