0 35 36 37 38 41 42 45 46 49 50 53 54 57 58 61 62 65 66 69 70 73 74 77 78 81 82 85 86 89 90 93 94 97 98 4 9 22 10 18 24 26 1 32 28 2 83 25 12 8 51 48 7 20 14 84 23 80 6 16 30 17 52 44 5
0 9
35 1
36 1
37 2
38 2
41 4
42 4
42 44
45 6
46 48
49 8
49 51
50 52
53 10
54 10
57 12
58 12
61 14
62 14
65 16
66 16
69 18
70 18
73 20
74 20
77 22
78 80
81 83
82 24
82 84
85 26
86 26
89 28
90 28
93 30
94 30
97 32
98 32
4 9
4 25
4 12
4 20
9 22
9 51
9 52
10 25
18 25
24 28
26 2
26 23
26 12
26 14
1 17
1 25
32 2
2 7
2 6
2 30
83 25
25 84
48 7
23 80
16 17
44 5