0 1 12 13 25 2 4 5 18 26 7 9 14 20 39 44 45 49 11 17 27 21 31 32 51 23 41 53 47 92 56 70 74 59 6 52 3 54 76 96 50 75 63 99 43 30 36 85 40 86 29 98 69 66 79 89 55 64 35 58 93 68 48 90
0 92
0 56
0 70
0 59
0 76
0 63
0 85
0 86
0 29
0 69
0 66
0 89
0 55
0 64
0 58
0 93
0 68
0 90
1 99
1 43
12 23
12 41
12 3
12 54
12 64
13 53
25 41
25 53
25 74
25 50
25 35
2 56
4 3
5 59
5 6
18 43
18 30
18 69
26 75
26 36
7 40
7 48
9 43
14 35
20 70
39 6
44 50
44 47
45 41
45 36
49 93
11 23
17 68
27 76
21 54
31 30
32 48
51 47
53 96
6 52
3 98
30 79
40 86