2 36 82 54 93 12 24 29 87 17 22 38 61 96 6 8 15 20 23 34 73 90 1 5 18 28 30 32 37 44 46 49 55 59 62 68 69 70 72 76 78 79 84 86 10 26 3 74 89 75 63 80 48 94 14 97 99 4 95 77 58 39 40 21 53 85 91 31 13 19 33 41
2 26
2 48
2 95
2 77
36 63
36 80
36 3
36 4
36 13
36 33
82 74
82 89
82 41
54 14
54 97
93 10
93 26
93 99
12 77
12 58
24 53
24 77
24 19
29 85
29 3
87 39
17 33
22 75
22 63
38 40
38 21
61 39
96 95
6 31
6 48
8 89
15 95
20 10
23 4
34 94
34 80
73 21
90 80
90 14
1 13
5 10
18 99
28 41
30 58
32 13
37 75
44 53
46 89
49 97
55 99
59 48
62 26
68 10
69 85
70 91
72 53
76 77
78 85
79 95
84 53
86 97
3 74
3 40
48 94
58 39
91 19