0 1 2 3 4 5 6 7 8 9 10 11 12 13 14 15 16 17 18 19 20 21 22 23 24 25 26 27 28 29 30 31 32 33 34 35 36 37 38 39 40 41 42 43 44 45 46 47 48 49 50 51 52 53 54 55 56 57 58 59 60 61 62 63 64 65 66 67 68 69 70 71 72 73 74 75 76 77 78 79 80 81 82 83 84 85 86 87 88 89 90 91 92 93 94 95 96 97 98
0 38
0 57
1 89
2 29
3 53
3 47
4 60
4 16
4 24
4 70
5 84
5 95
6 14
7 62
8 39
8 10
9 18
11 72
11 88
12 50
13 44
14 37
14 31
15 61
15 33
15 45
15 51
15 89
16 56
17 46
18 39
19 94
19 29
20 97
20 91
20 76
21 43
22 77
23 41
23 55
23 30
24 44
25 44
26 96
27 89
28 43
28 78
29 71
30 79
31 55
31 32
34 91
35 96
36 73
37 82
38 55
39 50
39 54
40 84
40 73
40 52
42 93
43 64
43 47
46 98
48 62
49 84
51 98
51 72
53 60
53 93
53 68
54 84
55 93
56 63
56 90
56 67
58 95
59 71
61 66
62 77
64 95
64 66
65 66
69 88
71 78
73 92
74 85
74 78
75 82
77 93
78 81
78 83
80 87
81 91
86 87
87 91
88 96