24 65 2 19 23 27 8 16 18 63 68 73 21 29 31 66 69 60 64 87 20 34 15 25 49 79 89 0 62 56 11 72 82 26 74 75 52 98 58 46 97 7 44 59 9 92 61 54 28 5 90 35 53 3 42 10 48 39 6 94 47 55 99 4 51 12 50 84 37 85 32
24 62
24 44
24 42
65 97
65 50
2 94
19 72
19 52
19 59
19 9
19 92
23 3
23 42
23 99
27 9
27 51
8 11
8 72
8 7
8 28
16 37
18 61
18 0
63 52
68 52
68 85
73 54
73 39
21 0
29 26
29 98
31 6
66 98
69 56
60 11
64 26
87 9
20 53
34 47
15 58
25 58
49 47
79 55
89 32
0 98
62 56
72 82
72 32
26 74
74 75
74 84
75 52
58 90
46 97
97 7
97 37
7 94
7 47
44 59
44 6
59 35
61 4
54 90
28 5
53 3
42 10
10 48
48 39
55 99
12 50