37 13 15 17 35 36 39 38 40 1 3 5 7 9 11 19 21 23 25 27 29 41 42 43 44 45 46 47 48 49 50 51 52 53 54 55 56 57 58 59 60 61 62 32 14 6 8 10 12 34 33 31 16 18 20 22 24 26 4 2 28
37 14
13 14
13 12
15 32
15 14
15 34
15 33
15 31
15 16
17 16
17 18
35 14
36 14
39 16
38 14
40 16
1 2
3 4
3 2
5 6
5 4
7 6
7 8
9 8
9 10
11 10
11 12
19 18
19 20
21 20
21 22
23 22
23 24
25 24
25 26
27 26
27 28
29 28
41 16
42 16
43 31
44 31
45 31
46 31
47 31
48 32
49 32
50 32
51 32
52 32
53 33
54 33
55 33
56 33
57 33
58 34
59 34
60 34
61 34
62 34