28 15 38 46 66 97 9 30 11 77 94 40 57 93 5 69 81 3 39 64 90 37 23 88 24 32 25 86 55 67 22 20 4 60 19 79 80 68 14 75 65 62 12 2 42 18 21 48 63 49 89 33 17 84 91 73 72 54 96 83 36 44 43
28 42
28 49
28 84
15 4
15 32
15 79
15 18
38 4
38 75
38 2
38 22
46 21
66 20
97 25
97 43
9 91
30 48
11 65
11 83
77 67
94 20
94 19
40 42
57 33
93 60
93 14
93 44
5 4
69 84
81 32
81 55
3 24
3 54
39 89
64 23
90 32
37 75
23 88
23 80
88 84
86 75
67 22
4 68
60 43
19 79
80 68
80 12
68 14
68 17
65 62
62 12
12 91
12 72
21 89
21 72
48 63
63 49
49 73
33 17
73 96
54 96
83 36