0 4 6 8 10 12 14 16 18 20 22 24 27 29 31 33 35 37 39 44 48 50 52 54 57 60 62 65 67 69 71 74 78 81 83 86 90 92 96 2 43 11 26 28 15 3 5 38 59 58 61 68 70 13 56 19 55 36 49 21 1 25 40 23 53 94 95 32 91 89 93 47 82 34 77 79 80 30 88 87 45 46 51 75 76
0 89
0 1
4 3
4 5
6 11
8 76
10 11
10 26
12 11
12 13
14 43
14 13
16 15
18 61
18 19
20 19
20 21
20 46
22 23
22 77
24 25
24 23
27 26
27 28
29 82
29 30
31 28
33 55
33 32
33 34
35 36
35 47
37 38
37 59
37 36
39 40
39 38
44 43
48 47
50 56
50 49
50 51
52 53
54 53
57 15
57 58
57 56
60 61
60 59
60 93
62 75
65 80
67 58
67 68
69 68
69 70
71 70
74 75
74 25
78 79
81 80
81 82
83 19
83 82
86 30
86 87
90 91
90 89
92 32
92 93
96 95
96 13
2 3
2 1
26 25
5 38
59 58
23 53
94 95
94 93
77 76
79 80
88 87
45 46