2 50 10 19 24 55 60 69 74 6 7 13 14 21 27 30 32 34 36 38 40 42 44 46 48 53 63 64 71 77 80 82 84 86 88 90 92 94 96 98 4 16 28 58 66 78 81 79 75 73 72 68 67 62 59 49 47 45 43 41 12 17 18 22 23 25 29 31 33 35 37 39 52 57 83 85 0 9 95 93 91 89 87 26 65 5 76 3 97 15 70
2 0
2 5
2 3
50 59
50 49
50 52
10 12
10 9
19 18
19 22
24 23
24 25
55 52
55 57
60 62
60 59
69 72
69 68
69 70
74 75
74 73
6 5
7 5
13 12
13 17
14 12
14 15
21 22
27 25
27 29
30 29
30 31
32 31
32 33
34 33
34 35
36 35
36 37
38 37
38 39
40 41
40 39
42 43
42 41
44 45
44 43
46 47
46 45
48 49
48 47
53 52
63 67
63 62
64 65
64 62
71 70
77 79
77 75
80 81
80 79
82 81
82 83
84 83
84 85
86 85
86 87
88 89
88 87
90 91
90 89
92 93
92 91
94 95
94 93
96 95
96 97
98 97
4 3
16 15
28 26
58 57
66 65
78 76
75 76
73 72
68 67
17 18
22 23
25 26
0 9