77 92 1 7 10 31 37 67 95 14 20 24 26 34 40 44 47 51 54 58 60 65 80 85 5 17 49 63 70 72 83 88 13 99 71 69 87 84 82 79 76 74 73 66 64 12 16 19 22 23 25 29 30 33 35 39 42 43 46 48 52 55 56 59 62 3 9 53 90 89 98 97 94 50 38 6 61 18
77 79
77 76
92 90
92 94
1 3
7 3
7 9
7 6
10 9
10 12
31 30
31 33
37 35
37 39
37 38
67 69
95 97
95 94
14 12
14 16
20 19
20 22
24 23
24 25
26 25
26 29
34 33
34 35
40 39
40 42
44 43
44 46
47 46
47 48
51 48
51 52
51 53
54 55
54 53
58 56
58 59
60 59
60 62
60 61
65 66
65 64
65 62
80 82
80 79
85 87
85 84
5 6
17 18
49 48
63 61
70 71
70 69
72 71
72 73
83 84
83 82
88 87
88 89
13 12
99 98
69 66
76 74
74 73
16 19
16 18
22 23
29 30
42 43
55 56
90 89
98 97
50 38