60 72 10 67 90 0 4 6 18 26 31 41 51 84 2 12 14 16 21 24 28 35 37 39 43 46 48 53 55 57 62 65 69 74 76 78 80 86 93 95 97 9 8 1 5 88 89 45 47 79 77 75 96 94 92 40 13 15 17 23 22 64 42 82 83 32 33 34 20 73 61 63 7 87 81 71 70 68 54 52 56 91 36 38 50 3 66 49 11 98 99 85 29 30 25
60 20
60 66
60 61
72 73
72 61
72 71
72 99
10 9
10 92
10 11
67 68
67 77
90 89
90 45
90 91
90 50
0 8
0 1
4 5
4 88
4 3
6 64
6 7
18 23
26 71
26 25
31 1
31 30
41 42
41 82
41 40
51 42
51 52
51 50
84 83
84 32
84 85
2 1
12 13
12 11
14 13
14 15
16 15
16 17
21 22
21 20
24 23
28 29
35 36
37 36
37 38
39 40
39 38
43 42
46 47
48 47
48 49
53 54
53 52
55 54
55 56
57 56
62 61
62 63
65 66
69 70
69 68
74 75
76 77
76 75
78 77
80 79
80 81
86 85
93 94
93 92
95 96
95 94
97 96
9 8
8 7
88 89
88 87
92 91
23 22
64 63
82 83
82 81
32 33
33 34
71 70
50 49
98 99
29 30