0 35 36 37 38 41 42 45 46 49 50 53 54 57 58 61 62 65 66 69 70 73 74 77 78 81 82 85 86 89 90 93 94 97 98 12 32 2 43 5 28 10 14 8 16 24 22 26 17 67 20 1 30 6 79 23 87 27 18 4 34
0 34
0 4
35 1
36 1
36 34
37 2
38 2
41 43
41 4
42 4
45 6
46 6
49 8
50 8
53 10
54 10
57 12
58 12
61 14
62 14
65 67
66 16
69 18
70 18
73 20
74 20
77 22
77 79
78 22
81 24
82 24
85 87
86 26
89 28
90 28
93 30
94 30
97 32
98 32
12 6
32 17
32 24
2 20
2 16
43 5
28 8
28 1
10 18
14 27
14 22
14 20
14 18
24 18
22 6
22 30
26 20
17 67
1 18
79 23
87 27