50 1 3 5 7 9 11 13 15 17 19 21 23 25 27 29 31 33 35 37 39 41 43 45 47 52 54 56 58 60 62 64 66 68 70 72 74 76 78 80 82 84 86 88 90 92 94 96 98 16 18 20 22 24 26 28 30 32 34 36 38 40 42 44 46 48 49 51 53 67 69 71 14 4 6 8 10 12 85 87 89 91 93 97 99 65 63 61 59 57 55 83 95 73 2 79 77 75
50 49
50 51
50 99
1 2
3 4
3 2
5 4
5 6
7 6
7 8
9 8
9 10
11 10
11 12
13 14
13 12
15 16
15 14
17 16
17 18
19 18
19 20
21 20
21 22
23 22
23 24
25 24
25 26
27 26
27 28
29 28
29 30
31 30
31 32
33 32
33 34
35 34
35 36
37 36
37 38
39 38
39 40
41 40
41 42
43 42
43 44
45 44
45 46
47 46
47 48
52 51
52 53
54 53
54 55
56 57
56 55
58 59
58 57
60 61
60 59
62 63
62 61
64 65
64 63
66 67
66 65
68 67
68 69
70 69
70 71
72 71
72 73
74 73
74 75
76 77
76 75
78 79
78 77
80 79
82 83
84 85
84 83
86 85
86 87
88 87
88 89
90 89
90 91
92 91
92 93
94 93
94 95
96 97
96 95
98 97
98 99
48 49