22 27 72 77 24 42 44 47 55 74 1 3 5 7 10 16 19 30 35 38 49 50 53 58 61 69 70 83 85 89 91 94 96 98 39 29 78 68 88 67 57 95 97 23 25 15 80 81 63 64 54 11 33 34 45 59 79 99 40 51 52 56 26 14 4 6 17 66 65 84 75 32 62 82 92 93 71 37 12 2 0
22 23
22 11
22 33
22 32
27 29
27 26
27 17
27 37
72 81
72 71
77 78
77 88
77 67
77 66
24 25
42 52
42 32
44 34
47 57
55 56
55 65
74 84
74 75
1 11
1 2
1 0
3 4
3 2
5 4
5 6
5 15
7 6
7 17
10 0
16 17
19 29
30 40
35 45
35 25
38 39
49 39
49 59
50 40
50 51
53 52
53 54
58 68
61 71
69 59
69 79
70 80
83 84
83 82
85 75
89 79
89 88
91 81
91 92
94 95
94 84
94 93
96 95
96 97
98 88
98 97
98 99
39 29
78 68
67 57
25 15
80 81
63 64
64 54
33 34
51 52
52 62
14 4
66 65
92 93
12 2