0 1 2 6 7 8 12 13 14 18 19 20 24 25 26 30 31 32 36 37 38 42 43 44 48 49 50 54 55 56 60 61 62 66 67 68 72 73 74 78 79 80 84 85 86 90 91 92 96 15 9 3 97 94 88 82 76 70 64 58 52 46 40 34 28 22 16 10 4 98 95 41 35 29 23 17 11 5 99 93 87 81 75 69 63 57 51 45 39 33 27 21 71 89 83 47 53 59 65
0 3
0 97
1 4
1 98
2 5
2 99
6 9
6 3
7 10
7 4
8 11
8 5
12 15
12 9
13 16
13 10
14 17
14 11
18 15
18 21
19 22
19 16
20 23
20 17
24 27
24 21
25 28
25 22
26 29
26 23
30 33
30 27
31 34
31 28
32 35
32 29
36 39
36 33
37 40
37 34
38 41
38 35
42 45
42 39
43 46
43 40
44 41
44 47
48 51
48 45
49 52
49 46
50 47
50 53
54 57
54 51
55 58
55 52
56 53
56 59
60 63
60 57
61 64
61 58
62 59
62 65
66 69
66 63
67 70
67 64
68 71
68 65
72 75
72 69
73 76
73 70
74 71
78 81
78 75
79 82
79 76
80 83
84 87
84 81
85 88
85 82
86 89
86 83
90 93
90 87
91 94
91 88
92 95
92 89
96 99
96 93
97 94
98 95