2 3 8 9 10 11 12 13 14 15 64 65 66 67 68 69 70 71 72 73 74 75 76 77 78 79 88 89 90 91 0 87 93 92 83 85 82 26 52 84 86 81 45 22 80 63 31 25 51 21 42 28 56 39 19 7 4 16 33
2 4
3 7
8 4
8 16
9 19
10 21
11 22
12 25
13 26
14 28
14 7
15 31
64 80
64 33
65 80
66 81
67 81
67 39
68 82
69 42
69 82
70 45
70 83
71 83
72 84
73 84
73 51
74 52
74 85
75 85
76 56
76 86
77 86
78 87
79 87
79 63
88 92
88 81
88 80
89 92
89 83
89 82
90 85
90 93
90 84
91 87
91 93
91 86
0 93
0 92
26 52
45 22
63 31
25 51
21 42
28 56
39 19
16 33