0 10 11 30 1 9 14 5 6 8 24 33 38 54 3 16 21 22 23 28 42 48 56 12 35 49 53 37 77 45 59 89 86 73 47 68 96 20 79 58 4 15 36 51 18 40 57 25 80 31 82 61 66 13 71 62 50 92 52 29
0 37
0 77
0 59
0 86
0 73
0 68
0 96
0 20
0 80
0 82
0 61
0 66
0 62
0 92
10 20
10 57
10 40
10 50
10 52
11 47
11 57
11 29
30 79
30 58
30 15
30 36
1 45
1 59
9 50
14 51
14 18
5 37
6 61
8 62
24 4
24 25
33 82
38 36
54 96
3 13
16 68
21 51
21 71
22 40
23 73
28 77
42 89
42 47
48 92
56 29
12 45
35 52
49 31
53 58
20 25
4 15
18 40
80 31
66 13