0 1 2 3 4 5 6 7 8 9 10 11 12 13 14 15 16 17 18 19 20 21 22 23 24 39 36 26 79 95 87 69 67 41 35 48 91 99 93 44 31 25 60 83 84 76 73 53 75 74 80 88 63 90 78 65 28 97 77 89 72 70 96 51 85 47 45 32 61 64 56
0 26
0 25
1 20
1 28
2 31
2 32
3 36
3 35
4 39
5 41
6 44
6 45
7 48
8 51
9 53
10 56
11 60
12 63
13 65
14 69
14 67
15 72
15 70
16 73
16 75
16 74
17 76
17 78
17 77
18 79
18 80
19 83
19 84
21 88
21 90
21 89
22 91
22 93
23 95
23 96
24 99
39 36
26 79
95 87
95 35
87 69
67 41
35 31
35 47
48 91
91 56
91 70
99 93
44 31
44 88
60 83
83 64
84 76
84 65
53 75
74 80
74 70
63 45
90 78
28 97
97 77
89 72
96 51
85 47
61 64