5 9 12 18 99 1 4 10 25 59 72 91 21 26 77 35 43 48 51 58 67 69 70 92 97 31 33 46 50 78 95 62 79 74 16 75 7 2 81 66 13 65 54 52 42 53 11 0 37 93 22 71 15 39 90 6 44 76 17 83 64 84 19 8 49 23 96 60 56 63 45 24 30
5 42
9 54
9 52
9 53
12 62
12 63
18 79
18 81
99 83
99 60
99 90
99 24
1 30
4 39
10 56
25 74
25 0
59 52
59 11
59 66
72 75
72 15
72 96
91 22
91 39
21 90
26 65
77 79
77 71
35 49
43 6
43 81
48 7
51 83
51 8
58 75
58 11
58 30
67 81
69 66
69 37
70 15
92 22
92 74
97 24
31 2
33 52
33 2
46 7
46 74
50 66
78 17
78 84
95 23
62 90
74 16
16 75
66 13
13 65
13 64
52 56
42 53
11 60
93 22
71 15
6 44
6 45
76 17
83 19
84 19
8 49
23 96