0 1 2 5 7 9 13 16 17 23 24 25 28 30 32 36 39 40 46 47 50 51 52 55 57 59 63 66 67 73 74 77 79 83 84 86 87 89 94 96 3 12 22 27 35 45 49 15 11 20 26 54 62 72 33 34 42 61 29 69 75 78 82 92 88 48 53 4 91 8 85 76 60
0 3
1 4
2 3
5 8
7 3
7 12
7 4
7 8
9 15
13 12
16 11
16 20
17 12
17 22
23 20
23 26
24 22
24 27
25 29
28 27
30 27
30 35
30 26
30 29
30 34
32 33
36 35
39 34
39 42
40 35
40 45
46 42
46 48
47 45
47 49
50 48
50 53
51 54
52 53
55 54
57 54
57 62
57 61
57 53
59 60
63 62
66 61
66 69
67 72
73 69
73 75
74 72
74 76
77 78
79 76
79 82
83 82
84 85
86 82
86 91
86 85
87 82
87 92
87 88
89 88
94 91
96 92
15 11
33 34
61 60
75 78
78 82