15 21 13 14 27 62 8 30 3 5 9 17 18 25 56 59 83 84 94 95 38 39 43 48 55 57 60 85 86 31 46 63 73 12 6 44 52 82 19 88 67 69 4 71 70 34 91 47 7 23 20 16 75 0 49 51 33 2 40 61 37 54 26 80 42 10 87 66 79 45 72 89 64 11 78 77
15 71
15 70
15 72
21 89
21 88
13 66
13 64
14 67
14 69
27 0
62 52
62 82
62 12
8 49
8 51
30 88
3 34
5 40
5 42
9 52
9 54
17 77
18 80
18 79
25 47
25 0
56 91
56 10
59 37
59 79
59 11
83 19
83 26
84 66
94 70
94 23
95 44
95 23
38 4
39 4
43 88
48 78
55 40
55 61
55 10
57 10
60 11
85 20
85 77
85 42
86 70
86 20
31 2
46 7
63 12
73 69
73 16
12 61
6 44
6 45
82 19
88 71
69 71
4 37
70 34
47 7
20 87
16 75
0 26
49 54
49 64
51 33
33 2
37 78
80 42