0 35 36 37 38 41 42 45 46 49 50 53 54 57 58 61 62 65 66 69 70 73 74 77 78 81 82 85 86 89 90 93 94 97 98 18 6 2 5 21 76 26 8 24 20 32 14 28 1 4 12 33 22 10 3 16 30 34 15 83 25 87 27
0 33
0 34
35 33
36 1
36 34
37 2
38 2
41 4
42 4
45 6
46 6
49 8
50 8
53 10
54 10
57 12
58 12
61 14
62 14
65 16
66 16
69 18
70 18
73 20
74 76
74 20
77 22
78 22
81 24
81 83
82 24
85 26
85 87
86 26
89 28
90 28
93 30
94 30
97 32
98 32
18 32
6 24
6 30
2 5
5 21
21 76
21 32
8 30
8 22
32 14
32 30
32 27
14 4
14 16
14 15
28 1
28 10
1 15
12 30
3 16
83 25
87 27