10 49 1 34 55 22 42 95 0 36 53 69 72 84 90 61 63 99 56 4 48 64 68 35 52 62 81 11 66 78 17 57 88 96 29 12 45 50 70 92 18 20 40 89 37 32 27 44 97 15 19 79 85 16 30 98 28 51 13 24 41
10 29
49 45
49 37
49 16
49 88
1 96
1 29
1 57
1 50
1 85
34 12
55 98
22 18
42 96
95 97
95 28
95 13
0 17
36 12
36 45
36 15
53 12
53 89
53 19
69 98
69 50
72 32
84 98
90 85
61 19
63 70
63 30
63 28
99 79
99 51
56 28
56 85
4 57
48 88
64 51
68 88
35 57
52 78
52 97
62 24
81 50
11 27
66 29
17 57
88 96
96 79
29 27
70 92
92 18
92 20
20 40
37 32
44 97
44 24
79 41