0 1 2 3 4 5 6 7 8 9 10 11 12 13 14 15 16 17 18 19 20 21 22 23 24 25 26 27 28 29 30 31 32 33 34 35 36 37 38 39 40 41 42 43 44 45 46 47 48 49 50 51 52 53 54 55 56 57 58 59 75 84 80 67 71 70 86 73 74 76 72 81 77 88 62 63 78 65 82 79
0 2
0 14
0 46
0 10
0 12
0 3
0 11
0 5
0 15
0 6
1 86
1 43
2 75
2 9
3 72
3 52
4 17
4 36
4 41
7 75
7 58
7 29
8 76
8 70
8 53
10 19
10 70
11 32
13 16
13 30
14 38
14 88
18 72
18 30
18 49
19 56
19 73
20 81
20 50
21 78
22 26
23 26
24 35
25 65
25 58
26 50
27 50
28 53
30 71
31 71
32 62
33 78
33 49
34 81
35 74
37 86
39 58
39 42
40 77
40 51
41 80
41 50
41 73
44 76
45 65
46 74
47 70
47 82
48 67
51 80
51 67
54 84
54 79
55 59
57 72
59 74
71 79
70 86
62 63