30 6 17 59 1 5 14 20 23 51 54 56 65 66 10 28 38 44 69 70 78 11 33 36 41 47 63 72 39 40 49 0 55 58 62 48 71 12 2 77 29 35 34 50 19 46 22 61 57 76 13 53 52 15 75 74 67 60 79 18
30 77
30 29
30 35
30 34
30 19
6 0
6 55
17 0
59 58
59 62
1 2
5 12
5 2
5 13
14 15
20 19
23 76
51 50
51 75
54 55
54 58
54 61
54 60
56 58
56 57
56 53
65 12
65 62
66 71
66 67
10 15
28 13
38 22
44 52
69 71
69 22
69 61
70 57
70 76
78 67
78 79
11 12
33 34
36 35
41 18
47 48
47 46
63 62
72 48
72 71
39 29
40 29
49 46
55 50
2 77
53 52
53 74
15 75
79 18