2 4 6 8 10 12 14 16 18 20 22 24 26 28 30 32 34 36 38 40 42 44 46 48 50 52 54 56 58 60 62 64 66 68 70 72 74 76 78 80 82 84 86 88 90 92 94 96 98 33 31 29 27 25 23 21 17 19 35 37 39 41 43 45 47 49 51 53 55 57 59 61 63 65 67 69 71 73 75 77 79 81 83 87 89 91 93 1 3 5 7 9 11 13 15 85 95 97
2 1
2 3
4 3
4 5
6 5
6 7
8 7
8 9
10 9
10 11
12 11
12 13
14 13
14 15
16 17
16 15
18 17
18 19
20 21
20 19
22 23
22 21
24 25
24 23
26 27
26 25
28 29
28 27
30 31
30 29
32 33
32 31
34 33
34 35
36 35
36 37
38 37
38 39
40 39
40 41
42 41
42 43
44 43
44 45
46 45
46 47
48 47
48 49
50 49
50 51
52 51
52 53
54 53
54 55
56 55
56 57
58 57
58 59
60 59
60 61
62 61
62 63
64 63
64 65
66 65
66 67
68 67
68 69
70 69
70 71
72 71
72 73
74 73
74 75
76 75
76 77
78 77
78 79
80 79
80 81
82 81
82 83
84 83
84 85
86 87
86 85
88 87
88 89
90 89
90 91
92 91
92 93
94 93
94 95
96 95
96 97
98 97