0 21 24 38 43 68 36 45 51 64 74 5 7 10 26 28 33 47 62 71 2 12 14 16 18 30 40 53 57 66 11 75 50 15 65 9 63 44 8 35 77 76 1 42 22 23 31 58 19 20 41 67 52 70 69 25 27 56 13 6
0 1
0 15
0 35
21 63
21 22
21 20
21 41
21 77
21 35
24 23
38 41
38 25
43 44
43 15
68 77
68 67
68 69
36 35
36 56
45 44
51 50
51 65
51 58
64 65
74 75
74 69
5 6
7 8
7 70
7 6
10 9
26 25
26 27
28 27
33 27
47 15
62 63
71 70
2 1
12 11
14 15
14 13
16 15
18 19
30 31
40 41
53 52
57 58
66 67
11 75
75 50
9 8
8 52
77 76
42 22
22 23
23 31
19 20
70 69