0 1 2 3 4 5 6 7 8 9 10 11 12 13 14 15 16 17 18 19 20 21 22 23 24 81 28 51 91 39 93 27 32 42 85 49 95 79 65 58 60 78 90 55 56 38 36 63 33 73 74 53 87 54 86 46 72 35 34 30 48 89 67 68 64 69 98 61 26 84 59 92 31 57 96 52 43 25
0 27
0 26
0 25
1 28
1 30
2 31
3 36
3 35
3 34
4 39
4 38
5 42
6 43
7 46
7 48
8 51
8 49
9 54
9 53
9 52
10 55
10 56
10 57
11 58
11 60
11 59
12 63
12 61
13 65
13 64
14 67
14 68
14 69
15 72
16 73
16 74
17 78
18 81
18 79
19 84
20 85
20 87
21 90
21 89
22 91
22 92
23 95
23 96
24 98
28 51
28 34
51 91
51 85
39 93
93 27
27 32
27 49
32 42
42 60
95 79
95 86
95 67
60 78
78 89
55 53
55 61
33 73
74 53
87 54
87 72
54 96
48 67
67 31
68 64
69 98
84 59
43 25