16 22 39 2 5 7 15 21 29 37 38 52 77 8 10 24 34 61 63 78 85 30 44 66 81 94 27 45 54 79 80 82 96 36 67 50 49 97 12 62 17 70 46 1 35 3 4 76 56 72 23 95 40 69 71 92 74 48 9 42 55 25 89 86 87 28 20 18 90 75 14 32
16 75
22 92
39 4
39 90
39 75
2 32
5 40
5 42
7 48
7 46
15 71
15 70
21 89
29 1
29 35
29 25
37 4
38 36
38 4
52 76
52 9
52 86
77 50
77 17
77 56
8 50
8 49
10 56
10 55
24 97
34 3
34 42
61 12
63 12
78 62
78 17
78 92
78 32
85 70
30 1
44 74
44 35
66 46
81 46
81 18
94 86
94 23
27 56
45 92
54 9
79 18
80 18
82 76
96 23
36 67
36 3
67 14
97 69
12 62
17 76
70 46
1 28
35 3
76 42
56 72
23 95
69 71
69 14
25 89
86 20
87 20