1 2 3 4 5 6 7 8 9 10 11 12 13 14 15 16 17 18 19 20 21 22 23 24 25 26 27 28 29 30 31 32 75 77 79 59 61 63 65 67 69 71 73 81 83 85 87 89 91 93 57 55 53 51 49 47 45 95 39 41 43 37 97 99 35
1 37
1 35
2 39
2 37
3 39
3 41
4 41
4 43
5 45
5 43
6 47
6 45
7 49
7 47
8 51
8 49
9 53
9 51
10 55
10 53
11 57
11 55
12 59
12 57
13 59
13 61
14 61
14 63
15 63
15 65
16 65
16 67
17 67
17 69
18 69
18 71
19 71
19 73
20 75
20 73
21 75
21 77
22 77
22 79
23 79
23 81
24 81
24 83
25 83
25 85
26 85
26 87
27 87
27 89
28 89
28 91
29 91
29 93
30 93
30 95
31 95
31 97
32 97
32 99