0 2 6 8 10 12 14 16 18 20 22 24 26 28 30 33 35 37 39 42 47 53 58 62 66 68 70 74 78 83 85 92 94 96 31 29 56 55 54 23 89 95 46 3 13 81 82 45 67 73 15 41 75 40 69 98 99 71 1 43 44 52 51 72 57 25 59 76 9 61 93 86 79 97 77 17 36 88 65 19 7 60
0 1
0 75
0 99
2 13
6 95
6 7
8 41
8 98
8 9
10 46
12 56
12 13
14 15
14 13
16 17
16 65
18 51
18 17
20 99
20 55
22 75
22 36
24 23
24 89
26 3
26 61
28 60
30 29
33 45
33 71
35 29
37 29
37 73
39 44
42 73
42 43
47 46
53 52
53 54
53 3
58 81
58 59
62 40
66 31
66 82
66 67
66 65
68 67
70 71
70 69
74 73
74 81
78 54
78 77
83 82
85 79
92 25
92 59
94 89
94 95
94 46
94 93
96 95
96 97
56 57
54 76
95 72
13 86
81 82
45 44
73 72
41 40
98 99
98 97
71 79
43 44
43 77
9 88
61 60
86 97
19 7