3 6 10 19 88 4 8 9 14 20 25 31 70 13 42 59 62 81 91 61 74 77 80 89 28 32 33 58 60 71 72 76 92 96 94 23 95 38 56 85 0 26 2 35 54 18 97 36 21 55 15 17 30 51 40 90 66 11 24 99 48 12 5 84 82 7 47 49 68 67 93 22 52 44 29 1 16 73 27
3 36
6 2
10 56
10 55
19 84
19 82
88 21
88 30
4 38
8 49
8 51
9 54
9 52
14 68
14 67
20 85
25 85
25 0
31 2
31 40
31 49
70 55
70 68
70 30
13 66
42 97
42 73
42 5
59 66
59 11
59 82
62 26
62 48
62 12
62 40
81 18
91 22
61 12
74 16
77 94
77 97
77 17
80 18
80 95
89 21
28 1
32 2
33 2
33 35
58 11
58 97
60 11
71 15
71 51
72 49
76 17
92 54
96 23
96 52
94 23
94 36
23 95
95 38
0 26
0 27
97 24
21 90
30 51
30 1
40 5
24 99
7 47
47 44
67 93
93 22
44 29
29 1
16 73