10 49 1 34 55 22 42 95 0 36 53 69 72 84 90 61 63 99 56 4 48 64 68 35 52 62 81 11 66 94 43 79 41 28 85 57 24 91 12 98 51 29 27 50 38 13 18 89 97 3 88 96 17 92 31 45 40 37
10 94
10 29
10 40
49 88
49 45
49 37
1 85
1 57
1 29
1 50
1 96
34 91
34 12
34 3
55 91
22 18
42 96
95 97
95 13
0 17
36 12
36 45
53 12
53 89
69 98
69 29
72 51
84 98
90 85
61 43
63 28
99 79
99 51
56 41
56 28
56 85
4 57
48 88
64 51
68 88
35 57
52 97
62 24
81 50
11 27
66 29
94 43
79 41
57 24
57 17
98 31
29 27
50 38
38 13
13 18
18 92
88 96