0 1 2 4 5 6 7 8 12 14 15 16 17 19 20 21 22 23 24 25 28 29 32 34 36 38 39 43 45 53 57 62 90 95 77 66 13 81 68 86 71 10 9 50 42 30 88 87 99 18 61 58 59 73 89 31 83 80 35 79 75 78 33 55 65 82 49 94 37
0 90
0 95
0 77
0 66
0 13
0 81
0 68
0 86
0 71
0 42
0 88
0 87
0 99
0 73
0 80
0 35
0 79
0 75
0 78
0 65
0 82
0 94
1 65
2 66
4 9
5 68
6 61
6 50
7 30
8 10
12 13
14 73
15 37
16 58
17 75
19 77
20 78
21 79
22 58
23 33
24 30
25 58
25 83
28 86
29 87
29 31
32 90
32 49
34 49
36 18
36 61
38 95
39 18
43 59
43 30
45 31
45 55
53 35
57 18
62 42
71 10
9 50
50 42
61 58
61 59
89 31
33 55
94 37