9 4 28 15 33 40 49 3 31 50 61 2 36 45 72 78 58 63 64 60 68 69 73 83 89 95 98 99 20 67 17 26 14 5 62 51 81 90 19 77 13 1 25 11 44 42 6 35 12 7 8 54 59 23 30 22 71 0 16 24 79 52 32
9 20
9 8
9 23
9 13
4 12
28 6
15 12
33 25
33 26
33 0
33 44
40 42
40 20
49 77
49 59
3 77
31 20
31 12
50 0
61 13
2 26
36 25
45 30
72 90
78 71
58 54
63 17
63 71
63 51
64 26
64 90
60 22
68 20
69 16
73 62
83 26
89 14
95 23
98 42
99 11
20 67
20 77
20 30
67 17
17 16
26 42
14 5
14 7
5 22
62 81
51 81
90 19
13 1
1 7
25 79
11 8
11 32
6 35
35 12
54 59
23 24
79 52