13 16 84 76 10 78 87 40 77 57 65 30 47 52 14 48 50 51 56 68 12 17 24 66 1 4 5 20 58 97 43 67 82 53 71 98 90 29 23 32 69 91 96 36 21 2 61 94 42 39 85 93 54 83 44 86 27 41 70 80 34 11 28 0 31 92 37 99 25 63 26 33 49 19
13 90
13 29
16 85
16 34
16 11
16 28
84 21
84 61
76 91
76 96
76 70
10 44
10 86
78 54
87 53
87 71
87 33
40 90
40 25
77 85
77 39
57 29
57 92
65 98
65 49
30 90
47 94
52 36
52 54
14 28
48 36
48 93
50 53
51 69
51 85
56 0
56 29
56 19
68 49
12 32
12 83
12 80
17 99
24 94
24 83
66 21
1 27
4 2
4 63
5 39
20 71
20 99
58 34
97 23
43 98
67 19
82 54
71 91
98 86
90 33
23 32
32 69
32 44
69 91
96 36
96 37
2 70
61 42
42 86
54 26
86 41
27 41
31 92