0 35 36 37 38 41 42 45 46 49 50 53 54 57 58 61 62 65 66 69 70 73 74 77 78 81 82 85 86 89 90 93 94 97 98 20 8 67 17 14 26 12 24 1 16 21 32 22 28 18 76 95 31 6 2 30 10 4 27 87 29
0 30
35 1
36 1
37 2
38 2
41 4
42 4
45 6
46 6
49 8
50 8
53 10
54 10
57 12
58 12
61 14
62 14
65 67
65 16
66 16
69 18
70 18
73 20
74 20
74 76
77 22
78 22
81 24
82 24
85 26
85 87
86 26
89 28
90 28
93 95
93 30
94 30
97 32
98 32
8 14
8 22
8 10
67 17
26 6
12 30
24 1
24 16
24 27
16 21
16 28
16 2
16 10
21 32
21 76
32 29
28 18
95 31
30 10
10 4
27 87