4 22 88 77 11 16 18 20 57 0 5 6 19 49 55 61 62 89 28 32 33 48 50 53 63 65 78 95 46 47 66 68 90 80 36 3 35 31 2 60 82 10 56 7 99 24 98 91 93 73 1 30 21 41 83 79 44 71 15 72 12 52 84 97 42 25 40 86 37 23 94 54 9 69 14 81 38 96 27 59 64 13 26 39 17 8 85 45 51 67
4 37
4 38
4 39
22 91
22 93
88 98
88 21
88 73
88 64
77 52
77 25
77 69
77 17
11 60
11 59
16 73
18 80
18 79
18 81
20 86
20 85
57 10
0 25
0 27
0 26
5 41
5 40
6 44
19 83
19 84
19 82
49 8
55 10
55 30
61 99
61 42
62 36
62 12
62 86
89 21
28 1
28 67
32 2
32 37
33 2
48 56
48 7
48 80
50 8
53 9
53 51
63 80
63 72
63 12
65 13
65 45
78 17
95 84
95 23
46 7
47 7
66 56
68 14
90 21
80 99
36 3
3 35
31 2
60 82
10 56
99 24
24 98
24 97
93 73
1 30
44 71
71 15
15 72
52 9
97 26
25 39
40 81
23 94
23 96
54 9
69 14
96 27
64 13
8 51