16 21 4 6 15 13 46 58 77 85 1 10 18 32 52 54 62 31 35 36 40 47 50 61 69 84 91 92 26 27 51 63 68 76 82 83 86 93 95 89 72 70 29 57 3 78 80 81 45 44 34 48 7 12 55 22 90 19 0 20 53 9 64 66 8 87 71 39 28 30 11 59 56 75 60 73 65 79 38 2 94 37 25 67 14 74
16 75
16 73
16 74
21 90
4 39
4 38
4 37
6 45
6 44
15 72
15 70
15 71
13 64
13 66
13 65
46 7
58 53
58 11
58 55
77 66
85 29
85 20
85 79
1 28
1 30
1 29
10 55
10 56
18 80
18 81
18 79
32 28
32 2
52 9
52 94
54 9
54 37
62 45
31 2
35 57
35 3
36 3
40 66
47 7
50 44
50 8
61 78
61 12
61 67
69 30
84 90
84 19
91 22
92 22
92 90
92 45
26 0
26 55
27 74
27 0
51 48
51 8
63 12
68 29
68 14
76 70
82 19
83 19
86 20
86 53
93 94
95 45
89 72
89 34
89 64
3 34
44 39
48 7
0 25
20 87
53 9
11 59
11 60
59 65
67 14