0 1 2 3 4 5 6 7 8 9 10 11 12 13 14 15 16 17 18 19 20 21 22 23 24 25 26 27 28 29 30 31 32 33 34 35 36 37 38 39 40 41 42 43 44 45 46 47 48 49 50 51 52 53 54 55 56 57 58 59 60 61 62 63 64 65 66 67 68 69 70 71 72 73 74 75 76 77 78 79 80 81 82 83 84 85 86 87 88 89 90 91 92 93 94 95 99 96 97 98
0 95
1 98
1 2
2 3
3 6
4 99
5 10
5 6
6 7
6 9
7 8
8 11
10 15
11 12
12 13
14 19
15 16
16 17
16 19
17 18
19 24
20 25
21 24
21 22
22 23
25 26
26 29
26 27
27 28
28 31
29 34
30 35
31 32
32 33
33 36
34 39
35 40
36 37
37 38
38 41
40 45
40 41
41 44
41 42
42 43
45 50
46 47
47 48
48 51
49 54
50 55
51 52
52 54
52 53
54 59
55 56
56 57
57 58
58 61
59 64
60 61
61 64
61 62
62 63
63 66
64 69
65 66
66 67
67 68
68 71
69 74
70 75
71 72
72 73
73 76
75 80
75 76
76 79
76 77
77 78
78 81
80 85
81 82
82 83
83 86
84 89
85 90
86 87
87 88
88 91
89 94
90 95
91 92
92 93
92 94
94 99
95 98
96 97
97 98