0 35 36 37 38 41 42 45 46 49 50 53 54 57 58 61 62 65 66 69 70 73 74 77 78 81 82 85 86 89 90 93 94 97 98 51 9 6 28 32 12 26 2 30 24 4 1 14 10 16 20 17 68 71 19 31 95 22 67 8 34 75 21 11 55 18
0 34
0 10
0 4
35 1
36 1
36 34
37 2
38 2
41 4
42 4
45 6
46 6
49 51
50 8
53 55
54 10
57 12
58 12
61 14
62 14
65 67
66 68
69 71
70 18
73 20
73 75
74 20
77 22
78 22
81 24
82 24
85 26
86 26
89 28
90 28
93 30
93 95
94 30
97 32
98 32
51 9
9 6
6 28
6 32
6 10
28 16
28 11
12 26
12 2
26 10
2 18
30 24
30 10
14 10
10 20
20 17
20 19
17 68
17 22
17 67
71 19
31 95
8 11
75 21
11 55