0 6 16 1 3 7 17 21 23 13 22 32 52 53 54 59 68 86 97 49 51 56 57 62 69 72 80 83 31 33 38 41 50 58 60 67 70 82 84 87 92 74 73 94 93 48 34 11 8 90 14 20 47 63 12 5 40 24 99 88 78 19 9 55 26 35 66 46 95 96 75 39 61 28 77 36 25 45 30 10 44 42 4 37 76
0 26
6 44
16 74
16 73
16 75
1 28
1 30
3 34
3 35
3 36
7 48
7 47
7 46
17 76
21 90
21 88
23 95
23 96
13 66
22 92
22 93
32 37
52 9
53 48
53 9
53 55
54 92
54 34
54 9
59 34
59 11
68 63
68 14
86 90
86 20
97 40
97 24
97 88
49 90
51 8
51 90
51 77
56 10
56 46
57 10
62 74
62 12
69 36
72 99
80 42
83 99
83 78
83 19
31 92
33 47
38 36
38 4
41 5
50 8
58 11
60 11
67 14
70 96
82 35
82 19
84 19
84 75
87 20
73 94
73 28
90 66
47 39
63 12
12 61
5 40
5 42
24 99
55 26
35 44
96 75
75 76
25 45
45 30
4 37