0 35 36 37 38 41 42 45 46 49 50 53 54 57 58 61 62 65 66 69 70 73 74 77 78 81 82 85 86 89 90 93 94 97 98 2 8 10 12 14 34 20 16 71 19 24 26 30 6 56 11 32 28 1 15 63 80 23 4 27 88 18 22 79
0 14
0 34
0 23
35 1
36 34
37 2
38 2
41 4
42 4
45 6
46 6
49 8
50 8
53 10
54 10
54 56
57 12
58 12
61 14
61 63
62 14
65 16
66 16
69 71
70 18
73 20
74 20
77 79
78 80
81 24
82 24
85 26
86 88
89 28
90 28
93 30
94 30
97 32
98 32
2 19
2 20
8 23
10 12
10 26
10 14
10 20
10 4
14 28
16 30
71 19
24 26
30 6
6 15
6 18
56 11
11 32
1 4
15 63
80 23
23 79
4 27
4 22
27 88