0 35 36 37 38 41 42 45 46 49 50 53 54 57 58 61 62 65 66 69 70 73 74 77 78 81 82 85 86 89 90 93 94 97 98 30 20 12 7 47 26 4 17 67 2 14 6 8 18 32 59 13 22 28 24 10 16 23 79 64 15 1 33 91 29
0 30
0 23
0 24
0 8
0 33
0 29
35 1
35 33
36 1
37 2
38 2
41 4
42 4
45 47
46 6
49 8
50 8
53 10
54 10
57 59
58 12
61 14
62 64
65 67
66 16
69 18
70 18
73 20
74 20
77 22
77 79
78 22
81 24
82 24
85 26
86 26
89 91
90 28
93 30
94 30
97 32
98 32
30 7
30 26
30 16
30 14
30 10
20 1
12 17
12 14
7 47
4 18
17 67
2 10
6 23
8 15
18 13
18 16
32 24
59 13
22 28
23 79
64 15
91 29