0 1 2 3 4 5 44 49 50 54 12 55 22 64 24 68 18 72 83 89 90 40 48 67 14 87 73 71 15 80 99 19 82 29 85 20 10 79 35 95 61 88 21 25 8 81 32 6 93 91 9 84 27 39 36 31 77 13 28 30
0 25
0 27
1 29
1 30
1 28
2 32
2 31
3 35
3 36
4 39
5 40
44 6
44 82
49 67
49 8
50 80
50 8
54 73
54 9
12 61
55 10
55 93
22 91
64 79
64 13
24 99
68 87
68 71
18 80
18 81
18 79
72 15
72 84
83 99
83 19
83 88
89 21
89 25
89 35
90 21
90 93
40 48
48 28
67 14
87 20
73 82
71 15
71 95
19 82
19 84
82 61
85 20
35 81
88 21
81 91
32 27
39 36
39 28
31 77