1 3 5 7 9 11 13 15 17 19 21 23 25 27 29 31 33 35 37 39 41 43 45 47 49 51 53 55 57 59 61 63 65 67 69 71 73 75 77 79 81 83 85 87 89 91 93 95 97 99 26 24 10 8 6 82 80 78 76 74 72 70 68 66 64 62 12 14 16 18 20 22 28 30 32 34 36 38 40 42 44 46 48 50 52 54 56 58 60 92 90 88 86 84 94 96 4 2 98
1 2
3 4
3 2
5 6
5 4
7 8
7 6
9 10
9 8
11 10
11 12
13 12
13 14
15 14
15 16
17 16
17 18
19 18
19 20
21 20
21 22
23 24
23 22
25 26
25 24
27 26
27 28
29 28
29 30
31 30
31 32
33 32
33 34
35 34
35 36
37 36
37 38
39 38
39 40
41 40
41 42
43 42
43 44
45 44
45 46
47 46
47 48
49 48
49 50
51 50
51 52
53 52
53 54
55 54
55 56
57 56
57 58
59 58
59 60
61 62
61 60
63 64
63 62
65 66
65 64
67 68
67 66
69 70
69 68
71 72
71 70
73 74
73 72
75 76
75 74
77 78
77 76
79 80
79 78
81 82
81 80
83 82
83 84
85 86
85 84
87 88
87 86
89 90
89 88
91 92
91 90
93 92
93 94
95 94
95 96
97 96
97 98
99 98