1 5 11 13 15 19 20 28 30 35 41 44 50 61 70 75 81 86 91 95 21 45 56 69 3 7 38 58 79 92 77 85 89 87 88 9 55 59 90 66 40 8 57 64 63 60 0 65 78 26 29 25 42 62 74 67 68 39 2 93 94 33 49 76 80 83 82 22 97 73 23 4 48 18 16 6 34 46 84 43 37 72 32 47 96
1 0
5 9
5 55
5 8
11 63
13 46
15 73
19 18
19 48
20 87
20 22
20 23
28 89
28 25
30 34
35 39
35 37
41 40
41 84
44 40
44 43
50 39
61 60
70 74
70 47
75 78
75 26
75 42
81 80
81 33
86 77
86 85
91 90
91 66
91 94
95 97
95 96
21 82
21 22
45 49
45 48
45 46
56 59
56 90
56 57
69 66
69 67
3 0
3 2
7 8
7 6
38 39
58 55
58 59
79 77
79 76
92 93
92 94
85 89
85 88
89 9
87 88
57 64
64 63
63 60
65 68
78 97
26 29
29 25
62 74
74 72
67 68
2 93
33 49
33 32
80 83
83 82
83 84
73 23
4 48
48 47
18 16
34 32
43 37