36 86 17 67 31 81 7 51 5 38 39 47 88 89 97 0 2 3 4 13 14 22 23 27 29 33 37 43 49 53 54 56 58 60 61 62 63 64 72 73 77 79 83 87 93 99 9 24 28 48 57 59 74 78 94 1 98 44 55 69
36 28
36 48
36 24
36 44
86 74
86 78
86 94
86 98
17 9
17 24
67 59
67 74
31 44
81 94
7 9
7 1
51 48
51 57
51 55
5 1
38 48
39 48
47 44
88 98
89 98
97 94
0 1
2 1
3 9
4 9
13 9
14 9
22 24
23 24
27 28
29 48
33 44
37 48
43 44
49 48
53 59
54 59
56 55
58 57
60 55
61 57
62 57
63 59
64 59
72 74
73 74
77 78
79 98
83 94
87 98
93 94
99 98
57 59
78 69