0 3 5 6 9 10 12 15 17 18 20 23 24 27 29 30 33 34 36 39 40 43 45 46 48 51 53 54 57 58 60 63 65 66 68 71 72 75 77 78 80 83 85 86 89 90 92 95 96 99 21 25 93 52 76 69 98 2 22 14 55 38 26 73 44 31 64 1 79 82 16 87 37 32 97 4 28 61 59 56 74 84 62 11 19 88 49 70 91
0 1
0 16
3 2
5 4
6 2
6 22
6 70
9 73
9 1
10 74
10 26
12 14
15 14
17 21
17 25
18 19
20 21
20 4
23 21
23 55
23 31
23 87
24 25
24 88
27 26
27 31
27 11
27 91
29 31
29 28
30 22
30 14
30 26
33 32
33 97
34 38
36 44
36 52
36 32
39 37
40 32
43 11
45 37
46 14
48 16
51 59
51 55
51 19
51 49
53 52
53 21
53 61
53 37
54 38
54 22
54 62
57 59
57 56
58 56
60 52
63 62
65 97
66 98
66 2
66 82
68 76
68 69
68 64
71 69
72 73
75 91
77 93
77 79
78 14
80 88
83 87
85 69
86 87
89 25
89 93
89 73
90 26
92 93
92 76
92 84
95 31
96 98
99 97