43 46 24 52 70 74 4 8 79 93 97 1 6 14 16 22 32 49 67 76 83 18 29 34 36 63 65 12 41 55 61 86 99 13 15 42 54 75 57 38 98 17 62 60 28 26 68 66 87 39 40 25 7 37 96 95 94 85 84 33 51 80 56 35 64 69 73 72 58 77
43 42
43 84
46 94
46 64
24 87
52 28
52 26
52 77
70 39
74 54
74 75
4 68
8 28
79 57
79 38
79 7
79 80
93 80
93 35
93 94
97 42
97 96
1 25
6 7
14 13
14 15
14 51
16 15
16 57
16 17
16 68
22 56
32 33
49 60
49 84
67 68
67 66
67 58
76 75
76 77
83 84
18 17
29 72
34 35
36 72
63 13
63 62
65 66
65 87
12 13
41 40
55 54
61 62
86 85
99 98
75 80
57 56
38 98
38 39
38 37
39 40
25 33
25 84
96 95
96 69
95 94
85 84
69 73
73 72