8 17 54 10 0 2 4 12 16 42 89 20 46 59 88 90 96 30 40 69 71 79 83 94 97 98 29 34 41 44 52 53 58 65 66 72 93 95 5 37 38 24 99 1 21 47 7 49 70 35 3 75 74 25 13 64 86 9 78 77 92 22 23 60 67 48 51 11 6 45 85 63 61 73 14 32 50 26 56 15 80 18 81
8 49
8 51
8 50
17 78
17 77
54 9
10 56
0 25
0 26
2 32
4 37
4 38
12 63
12 61
16 75
16 74
16 73
42 5
42 60
42 67
89 21
89 74
89 45
89 92
20 86
20 85
46 7
59 11
88 81
88 21
90 21
90 51
96 74
96 25
30 99
30 1
30 50
40 5
69 35
69 78
69 14
71 38
71 15
79 78
83 80
94 23
94 60
97 24
98 24
98 64
29 1
34 3
41 85
41 5
44 6
52 25
52 9
53 9
58 11
65 13
66 13
72 15
93 22
95 23
38 49
24 99
47 7
47 86
7 48
49 70
35 3
13 64
86 50
78 32
78 56
92 22
60 11
67 14
6 45
85 63
80 18
18 81