13 22 48 27 4 6 17 18 25 42 1 11 16 21 23 31 32 36 46 47 56 82 52 55 67 85 41 50 71 72 83 86 98 9 54 34 3 76 89 88 69 14 92 97 84 19 80 2 87 20 62 12 61 59 44 43 33 64 26 0 75 7 5 70 53 66 51 8 15 96 40 99 24 37 10 29 81
13 64
13 66
22 92
48 92
48 59
48 26
48 7
48 70
27 0
4 37
6 44
6 43
17 76
18 80
18 81
25 0
25 75
25 51
25 84
42 5
1 7
11 59
16 75
21 89
21 88
23 96
31 97
31 2
32 2
32 87
32 99
36 3
36 29
46 88
46 69
46 7
47 7
47 33
47 40
56 75
56 10
56 76
82 54
82 34
52 9
52 80
52 70
55 10
67 14
85 80
41 5
50 8
71 89
71 15
72 15
83 19
86 20
98 24
9 54
9 53
34 3
89 61
69 14
97 43
84 19
80 37
2 33
87 20
62 12
12 61
26 0
5 40
53 66
66 96
51 8
99 24