36 74 81 33 38 73 99 22 43 60 61 63 77 8 17 26 72 30 59 18 76 16 55 51 71 24 28 62 4 7 97 54 31 0 68 83 25 90 87 49 11 35 64 47 86 52 48 3 23 56 69 29 42 92 84 39 10 94 88 89 58 40
36 4
36 7
36 64
74 97
74 0
74 47
81 35
81 62
81 10
33 83
33 25
38 11
38 35
38 87
73 52
73 48
99 29
99 39
22 4
43 69
60 90
60 56
61 92
61 88
63 49
63 23
77 87
8 23
17 64
26 31
72 87
30 24
59 54
59 31
59 48
18 25
76 58
16 28
16 69
55 3
51 86
71 10
24 28
28 62
28 94
7 97
7 90
97 52
0 68
68 83
68 92
25 84
49 11
49 40
11 39
47 86
52 39
48 3
42 92
92 89
58 40