0 35 36 37 38 41 42 45 46 49 50 53 54 57 58 61 62 65 66 69 70 73 74 77 78 81 82 85 86 89 90 93 94 97 98 2 18 28 10 30 32 14 23 80 8 12 24 1 91 29 6 26 17 67 20 16 4 31 22 79
0 30
35 1
36 1
37 2
38 2
41 4
42 4
45 6
46 6
49 8
50 8
53 10
54 10
57 12
58 12
61 14
62 14
65 67
66 16
69 18
70 18
73 20
74 20
77 22
77 79
78 80
78 22
81 24
82 24
85 26
86 26
89 91
90 28
93 30
94 30
97 32
98 32
2 14
2 12
2 32
18 17
18 1
18 4
28 12
10 20
30 23
32 1
32 16
32 24
23 26
23 1
23 79
8 20
8 6
8 29
91 29
6 31
26 20
17 67