95 55 56 21 46 1 6 14 35 76 9 50 19 24 47 53 79 5 23 59 70 61 72 16 49 82 58 94 84 63 78 87 93 2 15 45 7 91 36 34 96 28 30 10 44 85 0 17 64 90 11 62 25 57 54 51 29 81 40 18 37 71 41
95 87
95 18
55 36
56 30
56 62
21 91
21 36
21 44
21 90
21 51
46 87
46 34
46 85
1 64
6 91
14 0
35 78
35 54
76 81
9 90
50 78
19 41
24 7
47 10
53 96
79 25
5 93
23 29
59 10
59 87
70 84
61 2
72 44
16 78
49 30
82 34
58 62
94 63
84 63
84 96
63 78
63 28
78 87
78 15
78 45
78 41
87 93
93 11
2 15
15 71
45 7
28 30
28 37
85 0
85 17
17 64
90 11
25 57
57 54
54 81
51 29
81 40