0 9 10 11 12 13 14 15 16 17 18 19 20 21 22 23 24 25 26 27 28 29 30 31 32 33 34 35 36 37 38 39 40 41 42 43 44 45 46 47 48 49 50 51 52 53 54 55 56 57 58 59 60 61 62 63 64 65 66 67 68 69 70 71 72 2 7 8 1 4 6 3 5
0 2
0 7
0 8
0 1
0 4
0 6
0 3
0 5
9 1
10 1
11 1
12 1
13 1
14 1
15 1
16 1
17 2
18 2
19 2
20 2
21 2
22 2
23 2
24 2
25 3
26 3
27 3
28 3
29 3
30 3
31 3
32 3
33 4
34 4
35 4
36 4
37 4
38 4
39 4
40 4
41 5
42 5
43 5
44 5
45 5
46 5
47 5
48 5
49 6
50 6
51 6
52 6
53 6
54 6
55 6
56 6
57 7
58 7
59 7
60 7
61 7
62 7
63 7
64 7
65 8
66 8
67 8
68 8
69 8
70 8
71 8
72 8