76 1 38 23 37 47 39 77 7 52 66 5 9 13 92 33 42 82 4 12 29 64 65 32 43 91 60 62 79 81 94 21 14 96 49 61 93 40 70 51 59 78 87 0 45 85 56 84 80 71 19 10 97 28 27 25 11 30 68 15 88 34 8 55 16 73 6 24 36 35 26 20 57 22 98 95 67
76 45
76 28
76 27
1 51
1 59
1 45
1 10
38 51
38 56
23 28
23 6
23 98
37 0
47 8
47 24
39 30
39 84
39 34
77 73
77 10
7 40
7 70
52 94
52 49
66 20
5 56
9 49
13 8
92 78
33 51
42 93
82 97
4 16
12 45
29 59
29 88
64 56
65 25
65 34
32 51
32 55
43 40
91 11
60 94
62 96
79 67
81 68
94 21
21 14
21 78
14 96
61 93
93 70
93 51
40 11
51 20
59 85
78 87
78 71
87 0
0 10
56 84
84 80
71 19
10 97
27 35
30 67
68 15
15 88
16 73
16 36
73 57
6 24
36 95
35 26
20 22