3 6 9 12 15 18 21 24 27 30 33 36 39 42 45 48 51 54 57 60 63 66 69 72 75 78 81 84 87 90 93 96 41 38 35 32 29 26 23 20 17 14 11 44 47 50 53 56 59 62 65 68 71 74 77 80 83 86 95 92 89 8 5 2 98
3 5
3 2
6 8
6 5
9 11
9 8
12 14
12 11
15 17
15 14
18 20
18 17
21 23
21 20
24 26
24 23
27 29
27 26
30 32
30 29
33 35
33 32
36 38
36 35
39 41
39 38
42 41
42 44
45 44
45 47
48 47
48 50
51 50
51 53
54 53
54 56
57 56
57 59
60 59
60 62
63 62
63 65
66 65
66 68
69 68
69 71
72 71
72 74
75 74
75 77
78 77
78 80
81 80
81 83
84 83
84 86
87 86
87 89
90 92
90 89
93 95
93 92
96 95
96 98