0 1 2 3 4 5 6 7 9 10 11 12 14 15 17 19 20 21 24 26 28 33 35 47 55 58 63 66 72 78 95 99 38 91 22 75 74 52 70 71 69 39 59 94 51 87 68 44 40 73 67 42 56 49 64 62 92 37 30 79 46 8 97 34 23 43 53 29 76 61 27 89 81 77 41 60 80 82 31 45 36 83 18 16 90 88 86 50 98 65 25 85 32 13 57 48
0 44
0 53
0 98
1 40
2 68
2 36
3 92
3 37
3 53
4 8
4 45
5 83
5 18
6 64
7 34
9 16
10 51
10 8
10 89
11 87
11 68
11 88
12 23
12 43
14 74
14 80
15 39
15 49
15 90
17 46
17 52
19 59
20 41
20 60
20 85
21 30
21 27
21 94
24 76
24 48
26 42
26 62
28 70
28 67
33 23
33 50
35 81
47 94
47 31
55 42
55 56
55 25
58 92
58 29
63 41
66 74
72 27
72 50
78 90
95 44
95 13
99 86
38 73
38 67
91 40
91 73
22 46
75 43
52 70
71 69
69 29
59 94
51 87
87 97
68 44
40 80
67 8
42 57
56 49
64 62
64 79
37 30
79 81
97 34
76 61
61 98
89 81
89 77
60 80
82 45
36 83
16 90
88 86
65 25
85 32