0 4 8 12 16 20 24 28 32 36 40 44 48 52 56 60 64 68 72 76 80 84 88 92 57 54 53 51 45 43 70 66 62 39 33 34 69 71 74 75 78 82 83 86 22 31 29 27 13 11 14 17 26 23 9 7 5 2 98 96 93 6 18
0 2
4 6
8 9
8 7
8 6
12 13
12 9
16 17
16 18
20 22
20 18
24 22
28 27
32 33
36 39
36 34
40 43
40 39
44 43
48 51
48 45
52 53
56 54
60 57
60 62
64 66
64 62
68 70
68 66
68 69
72 75
76 74
80 78
80 82
84 82
88 86
92 93
57 54
54 53
53 51
45 43
33 34
33 31
69 71
71 74
74 75
75 78
82 83
83 86
22 23
31 29
29 27
27 26
13 11
11 14
14 17
26 23
7 5
5 2
2 98
98 96
96 93