0 11 4 14 20 30 43 57 12 26 33 5 6 7 15 16 17 25 31 40 42 54 64 66 18 49 53 61 65 60 51 36 38 78 23 85 22 52 39 34 84 59 82 81 19 80 62 48 37 28 96 70 86 44 87 92 35 9 74 76
0 38
0 36
0 78
0 85
0 34
0 84
0 82
0 96
0 70
0 87
0 92
0 74
0 76
11 76
4 19
4 48
4 37
14 78
14 39
20 82
30 44
30 87
43 51
57 22
57 52
57 59
57 62
12 23
12 28
26 23
26 86
33 35
5 39
6 36
7 38
15 59
16 60
17 22
17 80
25 38
31 36
40 96
42 36
54 28
64 38
66 9
18 36
49 52
53 34
61 44
65 38
60 51
51 36
23 85
81 19
62 48
37 28
92 35
9 74