0 1 2 3 4 5 6 7 8 9 10 11 12 13 14 15 16 17 18 19 20 21 22 23 24 88 43 45 39 44 98 99 46 41 86 96 38 91 59 40 42 90 75 74 78 68 37 25 58 63 61 71 50 82 35 95 47 28 76 48 79 89 53 70 29 57 56 83 31 54 32 49 97 85 81 72 64
0 25
1 28
1 29
2 31
2 32
3 35
4 39
4 37
4 38
5 41
5 40
5 42
6 43
6 45
6 44
7 46
7 47
8 50
8 49
9 53
9 54
10 57
10 56
11 59
11 58
12 63
12 61
13 64
14 68
15 70
15 71
15 72
16 75
16 74
17 78
17 76
18 79
18 81
19 82
19 83
20 86
20 85
21 88
21 90
21 89
22 91
23 96
23 95
24 98
24 99
24 97
88 43
88 42
88 86
46 57
86 82
86 35
96 38
38 91
38 71
91 47
59 40
59 25
42 68
90 75
61 85
71 50
71 31
28 76
76 48
48 57
79 89
53 70
53 64
49 97
81 72