0 35 36 37 38 41 42 45 46 49 50 53 54 57 58 61 62 65 66 69 70 73 74 77 78 81 82 85 86 89 90 93 94 97 98 18 20 16 12 1 2 26 28 22 32 8 10 14 24 30 6 15 43 5 44 4 11 27 88 13 59
0 1
0 2
35 1
36 1
37 2
38 2
41 43
42 44
42 4
45 6
46 6
49 8
50 8
53 10
54 10
57 59
58 12
61 14
62 14
65 16
66 16
69 18
70 18
73 20
74 20
77 22
78 22
81 24
82 24
85 26
86 26
86 88
89 28
90 28
93 30
94 30
97 32
98 32
18 13
18 30
20 5
20 11
16 8
16 6
12 30
1 15
1 8
1 27
28 5
28 10
22 32
32 24
8 30
8 24
8 5
14 13
43 5
5 44
27 88
13 59