0 8 19 38 59 13 15 70 7 11 17 28 42 4 5 9 20 22 41 44 54 61 65 72 14 33 48 49 50 52 60 99 95 37 46 30 18 84 86 21 82 16 6 74 3 47 67 78 23 55 31 83 39 68 63 2 90 64 85 75 87 36 43 34 77 58 35 94
0 95
0 84
0 86
0 82
0 74
0 78
0 83
0 68
0 90
0 85
0 75
0 77
0 35
0 94
8 67
8 3
8 23
19 39
38 95
38 37
38 31
38 36
59 6
59 58
13 39
13 68
15 63
15 16
70 30
70 18
70 2
7 18
11 3
17 6
17 47
28 90
42 68
4 46
4 34
5 21
5 43
9 64
20 64
20 47
22 31
22 87
41 36
44 99
44 23
54 55
54 35
61 68
65 47
72 58
14 58
33 34
48 37
49 2
50 3
52 39
60 16
46 30
18 84
6 67
6 75
68 63
36 43