0 1 2 3 4 5 6 12 13 15 18 19 22 24 46 47 48 49 50 52 54 58 59 60 67 68 69 75 76 78 85 90 94 95 14 43 7 17 44 62 11 77 51 8 70 36 28 92 93 45 88 38 57 10 56 23 96 9 64 99 66 35 32 61 97 39 81 30 31 91 71 42 72 63 84 27 74 16 55 37 86 20 33
0 27
1 28
1 30
2 32
2 31
2 33
3 36
3 35
4 38
4 39
4 37
5 42
6 43
6 45
6 44
12 61
12 63
13 64
13 66
15 70
15 71
15 72
18 81
19 84
22 92
22 93
22 91
24 99
24 97
46 7
47 7
47 51
48 7
49 8
50 8
52 57
52 9
54 9
58 11
58 77
58 70
58 66
59 11
59 74
60 11
67 14
68 14
69 14
69 33
75 16
76 17
76 27
78 17
78 44
85 64
90 43
94 62
94 23
95 70
95 23
95 63
95 55
17 77
62 97
62 39
77 51
77 36
51 8
92 56
93 45
88 38
57 10
10 56
23 96
96 81
99 84
35 30
32 61
71 42
74 16
37 86
86 20