0 2 3 4 5 43 44 7 8 9 55 56 57 11 16 61 64 65 14 23 72 78 82 84 22 98 27 6 34 38 58 93 91 12 19 46 50 24 17 80 18 59 69 48 33 10 52 47 42 41 90 60 96 95 13 73 51 40 20
0 27
2 33
3 34
4 38
5 42
5 41
5 40
43 27
43 6
44 6
7 48
7 46
7 47
8 50
8 51
9 52
55 33
55 10
55 52
56 10
56 50
57 27
57 10
11 59
11 60
11 58
16 73
61 12
61 42
64 59
64 13
65 13
14 69
14 20
23 96
23 95
72 38
78 17
78 47
82 19
82 34
84 19
84 46
22 93
22 91
98 24
98 60
38 58
58 93
58 40
80 18
80 95
69 48
48 60
52 47
47 96
41 90
73 51