12 2 10 82 96 9 13 16 24 11 14 17 20 22 27 29 39 43 46 47 51 80 84 70 72 88 95 25 26 30 44 45 48 81 90 94 71 6 50 15 31 99 97 23 7 79 18 8 64 66 78 58 59 0 74 61 19 28 41 5 40 98 54 53 91 77 76 1 55 75 83 62 87 93 32 57 69 56 73 35 65 38 4 85 37 42 92
12 61
12 62
2 31
2 32
10 57
10 55
10 56
82 19
96 31
96 23
9 54
9 53
13 64
13 66
13 65
16 75
16 74
16 73
24 98
24 97
11 58
11 59
14 69
17 78
17 77
17 76
20 87
20 85
22 92
27 0
27 74
27 54
27 57
29 1
39 35
39 87
39 4
43 6
43 50
46 7
47 7
47 41
51 8
51 98
80 94
80 18
84 19
84 28
84 42
70 15
70 62
70 87
72 15
72 64
72 28
88 99
95 23
25 50
25 0
26 0
30 1
44 6
45 6
48 7
81 18
90 56
94 71
94 23
71 15
71 77
50 8
31 99
79 18
78 58
74 61
19 83
28 1
41 5
5 40
5 42
40 92
53 91
55 69
93 85
38 4
4 37