37 42 50 8 19 10 41 0 6 13 23 36 60 65 77 22 26 51 54 88 94 62 63 85 98 11 40 44 57 73 76 78 84 90 91 93 89 59 96 30 83 17 29 12 69 97 87 67 95 33 34 47 7 86 81 64 31 53 16 82 15 24 27 71 21 56 80 58 14 61 39 75 74 72 49 35 52 25 3 28 66
37 86
37 97
37 83
37 21
42 33
42 59
42 58
42 96
42 39
42 72
50 34
50 47
50 53
50 30
50 75
8 83
19 30
19 7
10 69
10 61
10 58
41 24
41 21
41 17
0 74
6 96
13 67
13 95
23 97
23 87
36 16
36 56
60 59
65 27
65 52
77 66
22 71
26 67
51 29
51 12
51 66
54 16
54 82
54 25
88 21
94 27
94 80
94 86
62 35
63 39
85 52
98 64
98 74
11 7
40 17
44 82
57 86
73 67
76 31
78 71
84 14
90 72
91 29
93 95
89 59
89 71
30 83
30 12
97 49
67 33
81 64
31 53
82 80
15 24
80 58
58 3
14 61
75 74
49 35
3 28