0 1 2 3 4 5 6 7 8 10 11 12 14 15 16 17 19 20 21 22 24 26 30 37 38 41 43 46 49 50 51 52 54 55 56 63 65 69 73 93 94 97 47 33 75 28 45 40 61 66 85 48 39 35 62 34 59 79 44 13 29 77 84 88 83 98 80 27 42 68 32 92 60 90 91 70 99 96 86 67 82 89 64 57 36 53 9 23 58 76 31 87 81 74 18 71 95 25 78
0 33
0 75
1 34
1 59
2 35
2 62
3 13
3 29
4 64
5 9
5 23
6 18
6 71
7 80
7 68
8 68
8 32
10 27
10 42
11 66
11 85
12 36
12 53
14 40
14 61
15 74
15 78
16 79
16 44
17 29
17 77
19 83
19 98
20 28
20 45
21 96
21 81
22 87
22 25
24 39
24 35
26 76
26 31
30 33
30 42
37 99
37 96
38 89
38 57
41 71
41 95
43 70
43 99
46 85
46 48
49 90
49 91
50 23
50 58
51 88
51 83
52 92
52 60
54 74
54 18
55 27
55 86
56 67
56 82
63 57
63 36
65 84
65 88
69 60
69 90
73 64
73 81
93 61
93 66
94 77
94 84
97 91
97 70
47 78
75 28
45 40
48 39
62 34
59 79
44 13
98 80
32 92
86 67
82 89
53 9
58 76
31 87
95 25