11 4 15 42 2 9 24 26 30 35 45 63 73 89 7 21 47 50 53 56 60 75 17 19 66 78 80 38 94 84 74 5 44 18 86 87 62 36 37 85 88 81 79 49 0 32 54 16 22 70 51 77 41 23 65 59 12 76 31 61 57 90 27
11 44
11 18
11 12
4 87
4 49
4 54
4 61
15 90
42 41
2 88
9 81
9 32
24 23
26 0
26 41
26 27
30 32
30 59
35 62
45 16
45 65
63 27
73 84
89 77
89 23
7 36
21 74
21 22
47 86
47 37
50 84
50 85
50 51
53 16
56 87
56 57
60 51
60 86
75 74
75 76
75 54
17 16
19 70
66 41
66 65
78 5
78 77
80 77
38 37
94 54
74 5
18 81
86 87
87 88
62 36
62 61
81 79
49 0
22 70
70 31
12 76
57 90