99 35 48 8 25 61 82 15 42 64 4 95 1 6 57 59 66 92 17 97 38 73 84 89 86 2 13 98 22 88 76 52 31 85 26 27 50 18 19 94 69 43 44 45 34 30 56 0 5 53 54 12 60 16 81 80 36 9 93 87 67 68 29 33 71 28
99 27
35 52
35 31
35 34
35 60
35 36
48 88
48 76
48 50
48 18
8 9
8 93
8 71
25 26
25 22
61 27
82 81
15 56
42 33
64 13
64 12
4 87
4 80
95 69
95 5
1 2
1 0
1 16
6 5
57 76
59 94
66 22
66 93
92 50
17 16
97 98
38 30
73 0
84 81
89 88
86 85
98 22
76 52
31 85
31 30
31 12
27 50
27 16
27 28
18 19
18 33
19 94
94 53
69 43
43 44
44 45
45 34
56 80
53 54
81 67
80 71
36 9
67 68
67 29
67 28