0 1 2 3 4 5 6 7 8 9 10 11 12 13 14 15 16 17 18 19 20 21 22 23 24 25 26 27 28 29 30 31 32 33 34 35 36 37 38 39 40 41 42 43 44 45 46 72 98 47 56 73 77 90 69 70 99 58 65 59 82 87
0 28
0 72
0 3
0 17
0 23
1 5
1 17
1 42
1 10
2 15
3 43
3 59
3 16
4 21
4 7
4 56
4 24
5 19
5 14
5 58
5 22
5 30
6 28
8 99
9 69
11 15
11 21
11 34
12 20
12 31
12 33
13 39
13 44
14 77
14 99
14 32
15 25
18 82
20 21
21 70
26 87
27 98
27 37
27 41
27 44
27 35
27 40
28 38
29 46
33 58
36 56
36 87
37 46
45 90
46 47
72 98
73 77
90 69
69 70
99 65
59 82