0 32 7 31 37 41 8 11 13 39 2 4 33 10 21 24 35 38 46 47 48 50 15 60 61 73 91 96 57 66 94 93 16 89 71 64 26 85 97 42 69 77 54 51 27 40 14 52 22 23 67 28 87 76 25 99 98 63 34 74 84
0 73
0 91
0 96
0 16
0 89
0 71
0 97
0 77
0 76
0 98
0 74
0 84
32 54
32 51
32 23
7 73
7 57
7 28
31 89
31 26
31 14
37 93
37 52
37 22
41 96
41 63
8 52
8 25
8 34
11 77
13 51
13 27
39 94
39 40
2 69
2 54
4 54
33 14
10 76
21 66
24 63
35 16
35 52
38 64
46 42
47 98
48 99
48 51
50 67
15 16
60 25
61 34
57 66
64 26
26 85
97 42
27 40
22 23
67 28
28 87