21 40 60 13 30 38 77 90 3 7 20 24 47 54 56 66 74 81 87 2 11 22 32 37 52 65 88 26 39 46 68 70 73 75 96 84 82 48 35 8 0 1 5 69 59 58 43 80 57 28 27 61 44 42 93 76 72 16 64 67 71 25 18 51 10 15 17 9 23 49 91 34 36 12 97 78
21 28
21 15
21 17
40 42
40 34
40 36
60 69
60 59
60 61
60 72
60 64
13 51
13 10
30 58
30 80
38 48
38 35
38 43
77 93
77 76
90 69
90 97
3 1
3 5
7 8
7 0
20 27
20 23
24 23
47 82
47 48
47 49
54 25
56 57
66 91
66 64
74 71
74 58
81 84
81 82
87 78
2 9
11 12
22 28
32 35
32 8
37 16
52 80
65 67
88 64
26 27
39 36
46 42
68 69
70 97
73 49
75 84
96 93
35 34
0 1
59 58
58 57
43 16
43 17
80 78
57 28
27 61
44 42
76 72
67 71
25 18
18 51
10 15
15 12
17 9