10 85 65 73 76 4 15 17 18 42 44 52 82 90 2 33 38 46 58 71 96 99 1 7 20 22 49 56 62 75 26 28 29 31 63 61 50 51 45 41 35 19 24 25 55 3 13 21 59 67 77 88 89 86 91 81 70 68 27 34 39 6 43 32 57 97 79
10 13
10 6
85 88
65 59
65 67
65 68
73 67
73 77
76 81
76 70
4 3
4 13
15 27
15 25
17 21
18 19
18 32
42 43
42 39
44 45
44 41
52 61
52 50
52 55
82 79
90 91
2 3
33 35
33 19
33 34
38 39
46 45
58 59
58 57
71 77
96 97
99 89
99 97
1 3
7 6
20 21
20 19
22 19
22 24
49 50
49 51
56 55
62 63
75 81
26 25
28 27
29 27
31 32
63 61
51 45
41 35
24 25
55 59
13 21
77 88
77 79
88 89
89 86
86 91
70 68
34 39