84 80 49 87 64 66 56 69 24 26 42 60 90 19 32 72 13 37 9 4 7 46 1 11 99 59 85 76 16 74 27 75 39 38 51 33 21 67 22 54 48 47 77 62 71 25 89 98 55 10 58 36 40 5 6 12 0 35 50 20 91 43 2 93 94
84 76
84 38
84 67
84 98
80 74
80 54
80 67
80 91
49 0
87 55
64 67
66 74
56 67
56 89
69 51
69 77
69 25
69 89
24 38
26 27
42 25
60 59
60 47
60 36
60 50
90 16
19 22
19 20
32 39
32 33
72 71
72 40
13 48
13 58
13 12
37 36
9 10
9 93
4 75
7 38
46 55
1 98
11 10
99 98
85 76
85 16
74 27
75 39
39 40
38 21
33 21
21 22
54 48
54 55
48 47
77 62
71 2
10 58
10 6
5 6
12 0
35 50
91 43
93 94