0 35 36 37 38 41 42 45 46 49 50 53 54 57 58 61 62 65 66 69 70 73 74 77 78 81 82 85 86 89 90 93 94 97 98 1 6 4 24 12 32 28 91 29 20 22 16 2 30 44 5 26 34 8 10 68 17 18 14 52 9 7 47
0 8
0 12
0 30
35 1
36 1
36 34
37 2
38 2
41 4
42 44
42 4
45 6
45 47
46 6
49 8
50 8
50 52
53 10
54 10
57 12
58 12
61 14
62 14
65 16
66 16
66 68
69 18
70 18
73 20
74 20
77 22
78 22
81 24
82 24
85 26
86 26
89 91
89 28
90 28
93 30
94 30
97 32
98 32
1 30
1 22
6 14
4 2
4 8
24 32
24 28
24 16
24 20
12 32
12 26
28 10
28 14
91 29
22 18
44 5
68 17
52 9
7 47