8 26 39 56 67 25 33 91 16 29 51 61 93 96 11 24 6 19 31 36 46 47 76 78 62 35 50 48 64 63 57 86 70 41 20 66 55 90 54 81 77 43 10 18 68 9 58 72 2 59 1 44 45 37 13 7 12 53 85 92 34 99 89
8 54
8 99
26 64
26 63
26 58
26 45
26 12
39 41
39 66
56 62
56 64
56 13
67 7
67 85
67 55
25 18
25 9
33 48
33 64
33 70
91 50
91 2
16 59
29 57
51 20
61 86
61 41
93 62
93 35
93 55
93 90
96 59
11 10
24 20
24 35
6 89
19 7
31 35
36 63
46 63
47 1
47 13
76 58
78 54
50 90
64 68
64 89
63 57
63 44
20 81
66 55
66 77
54 72
77 43
43 10
43 18
59 45
59 37
1 92
12 53
92 34
34 99