0 1 2 3 4 5 6 9 10 11 12 13 15 16 17 18 19 22 28 30 31 32 33 36 37 38 39 40 47 49 50 59 60 61 76 77 79 81 82 89 91 95 75 68 55 24 85 66 14 90 54 69 23 96 48 64 44 74 65 43 93 35 42 84 27 86 52 58 87 78 80 97 26 46 34
0 44
0 74
0 78
1 90
2 65
3 75
4 44
4 46
5 66
6 48
9 35
10 14
10 26
10 34
11 90
12 46
13 80
15 24
16 42
17 96
17 80
18 48
19 23
22 84
28 68
30 66
31 24
31 85
32 26
33 75
36 55
37 75
38 86
39 87
40 90
47 58
49 69
50 54
59 75
60 96
61 74
61 65
61 87
76 23
77 42
79 44
79 84
81 97
82 65
82 68
89 48
91 96
95 69
75 68
55 24
55 54
85 66
85 58
14 90
90 54
90 35
90 27
90 52
54 69
54 64
69 23
69 97
23 42
96 27
48 43
64 78
44 43
74 86
65 93