1 3 5 7 9 11 13 15 17 19 21 23 25 27 29 31 33 35 37 39 41 43 45 47 49 51 53 55 57 59 61 63 65 67 69 71 73 75 77 79 81 83 85 87 89 91 93 95 97 99 54 56 58 60 62 64 66 68 70 72 74 76 78 52 50 48 46 44 42 40 38 36 34 32 30 28 26 24 8 10 12 14 16 18 20 22 84 82 80 92 98 96 94 90 88 86 6 2 4
1 2
3 2
3 4
5 6
5 4
7 8
7 6
9 8
9 10
11 10
11 12
13 12
13 14
15 14
15 16
17 16
17 18
19 18
19 20
21 20
21 22
23 24
23 22
25 26
25 24
27 28
27 26
29 30
29 28
31 32
31 30
33 34
33 32
35 36
35 34
37 38
37 36
39 40
39 38
41 42
41 40
43 44
43 42
45 46
45 44
47 48
47 46
49 50
49 48
51 52
51 50
53 54
53 52
55 54
55 56
57 56
57 58
59 58
59 60
61 60
61 62
63 62
63 64
65 64
65 66
67 66
67 68
69 68
69 70
71 70
71 72
73 72
73 74
75 74
75 76
77 76
77 78
79 78
79 80
81 82
81 80
83 84
83 82
85 84
85 86
87 88
87 86
89 90
89 88
91 92
91 90
93 92
93 94
95 96
95 94
97 98
97 96
99 98