0 19 20 21 3 25 31 1 5 6 9 12 29 56 57 2 10 26 37 42 46 48 35 38 47 49 93 50 24 16 75 23 54 43 80 81 85 41 15 13 44 90 64 63 82 32 66 62 89 58 52 53 17 88 76 22 68 71 8 65
0 93
0 75
0 23
0 80
0 85
0 63
0 82
0 66
0 62
0 88
0 68
0 71
0 65
19 54
19 52
19 15
19 17
20 75
21 50
21 24
21 43
21 76
3 41
3 62
25 50
31 24
31 16
31 81
31 15
1 54
5 63
6 41
6 64
9 32
9 53
12 68
29 80
56 54
57 54
2 13
2 44
10 66
10 22
26 24
37 85
42 88
46 58
48 22
35 50
38 43
47 8
49 16
23 54
43 89
15 13
44 90
58 52
53 17
8 65