0 1 2 3 4 5 6 7 8 9 10 11 12 13 14 15 16 17 18 19 20 21 22 23 24 30 47 88 77 45 54 94 49 65 66 58 63 89 70 84 41 51 25 48 80 46 78 31 33 69 67 98 38 39 40 74 56 52 73 29 27 90 93 50 44 59 57 82 62 81 64 85 72 42 95 35
0 25
0 27
1 30
1 29
2 31
2 33
3 35
4 38
4 39
5 41
5 40
5 42
6 45
6 44
7 47
7 48
7 46
8 49
8 51
8 50
9 54
9 52
10 56
10 57
11 58
12 63
12 62
13 65
13 66
13 64
14 69
14 67
15 70
15 72
16 74
16 73
17 78
17 77
18 80
18 81
19 84
19 82
20 85
21 88
21 89
21 90
22 93
23 94
23 95
24 98
30 47
47 40
88 77
77 70
77 80
54 74
65 67
66 84
58 56
58 95
63 89
25 35
46 78
78 31
31 57
31 50
33 69
98 38
38 52
40 27
73 29
29 93
44 59
59 57
64 85