0 1 2 3 4 5 6 7 8 9 10 11 12 13 14 15 16 17 18 19 20 21 22 23 24 96 73 74 84 68 94 97 78 25 26 72 56 81 80 53 35 43 46 48 62 52 58 86 83 82 50 63 28 76 32 45 47 77 54 64 66 59 67 37 61 38 42 75 29 89
0 25
0 26
1 28
1 29
2 32
3 35
3 22
4 37
4 38
5 42
6 43
6 45
7 46
7 48
7 47
8 50
9 53
9 52
9 54
10 56
11 58
11 59
12 62
12 63
13 64
13 66
14 68
14 67
15 72
16 73
16 74
16 75
17 78
17 77
18 81
18 80
19 84
19 83
19 82
20 86
21 89
23 96
23 94
24 97
96 73
68 94
97 45
78 25
25 42
26 72
56 81
80 53
80 89
53 50
35 43
43 46
43 86
43 77
43 29
46 75
48 62
48 64
86 83
50 38
28 76
76 32
77 54
66 59
37 61