95 87 93 89 39 47 50 58 75 77 79 17 55 11 27 65 67 73 1 3 22 34 42 45 99 76 90 91 94 86 72 35 36 92 82 78 60 81 24 23 49 48 88 61 53 0 97 70 69 43 63 83 32 33 96 57 4 44
95 94
95 86
95 72
95 92
95 60
95 61
87 99
87 86
87 88
93 63
93 83
93 94
89 99
39 91
39 36
47 48
50 60
58 53
75 76
75 97
75 44
77 43
79 99
17 69
55 0
55 91
11 24
27 96
65 78
67 78
73 97
1 0
3 4
22 72
34 35
42 99
42 96
45 92
99 90
90 91
94 53
94 32
94 57
94 44
86 81
35 36
92 82
82 78
81 24
24 23
23 49
49 48
70 69
69 83
43 63
32 33
57 4