8 54 92 94 40 18 74 80 90 6 76 52 12 28 26 36 34 30 14 98 96 56 72 48 46 84 16 22 70 88 66 58 68 38 62 50 24 78 4 60 42 82 32 64 2 44 86 10 20 47 45 33 35 37 39 41 43 49 51 53 55 57 59 61 63 9 11 13 15 17 19 21 23 25 27 29 31 65 67 69 71 73 75 77 79 81 83 85 87 1 3 5 7 89 91 93 95 97
8 9
8 7
54 53
54 55
92 91
92 93
94 93
94 95
40 39
40 41
18 17
18 19
74 73
74 75
80 79
80 81
90 89
90 91
6 5
6 7
76 75
76 77
52 51
52 53
12 11
12 13
28 27
28 29
26 25
26 27
36 35
36 37
34 33
34 35
30 29
30 31
14 13
14 15
98 97
96 95
96 97
56 55
56 57
72 71
72 73
48 47
48 49
46 47
46 45
84 83
84 85
16 15
16 17
22 21
22 23
70 69
70 71
88 87
88 89
66 65
66 67
58 57
58 59
68 67
68 69
38 37
38 39
62 61
62 63
50 49
50 51
24 23
24 25
78 77
78 79
4 3
4 5
60 59
60 61
42 41
42 43
82 81
82 83
32 33
32 31
64 63
64 65
2 1
2 3
44 45
44 43
86 85
86 87
10 9
10 11
20 19
20 21