0 35 36 37 38 41 42 45 46 49 50 53 54 57 58 61 62 65 66 69 70 73 74 77 78 81 82 85 86 89 90 93 94 97 98 18 20 2 32 14 6 16 1 56 11 84 25 8 10 28 22 30 24 75 21 5 12 26 79 23 4 80 63 15 13 33
0 4
0 33
35 33
36 1
37 2
38 2
41 4
42 4
45 6
46 6
49 8
50 8
53 10
54 56
54 10
57 12
58 12
61 14
61 63
62 14
65 16
66 16
69 18
70 18
73 75
74 20
77 22
77 79
78 80
81 24
82 84
82 24
85 26
86 26
89 28
90 28
93 30
94 30
97 32
98 32
18 23
18 12
20 26
2 14
32 21
32 30
14 6
14 5
14 26
14 10
16 23
1 11
56 11
84 25
25 13
8 5
28 4
30 26
75 21
26 13
26 23
79 23
23 80
23 4
63 15