0 35 36 37 38 41 42 45 46 49 50 53 54 57 58 61 62 65 66 69 70 73 74 77 78 81 82 85 86 89 90 93 94 97 98 2 24 4 16 26 1 96 31 12 18 8 32 22 6 20 30 10 28 14 72 19 64 15 13 60
0 18
35 1
36 1
37 2
38 2
41 4
42 4
45 6
46 6
49 8
50 8
53 10
54 10
57 12
58 60
61 14
62 64
65 16
66 16
69 18
70 18
70 72
73 20
74 20
77 22
78 22
81 24
82 24
85 26
86 26
89 28
90 28
93 30
94 96
94 30
97 32
98 32
2 30
24 12
24 1
24 4
24 10
4 19
16 28
26 22
26 32
1 15
1 13
96 31
8 22
8 14
8 20
22 10
6 10
30 10
10 28
72 19
64 15
13 60