0 35 36 37 38 41 42 45 46 49 50 53 54 57 58 61 62 65 66 69 70 73 74 77 78 81 82 85 86 89 90 93 94 97 98 26 18 32 10 63 15 22 1 16 28 4 30 14 8 20 24 13 59 2 6 12 84 25 71 19 92 29 60 75 21 3 88 27 76 47 7
0 3
35 1
36 1
37 2
38 2
41 4
42 4
45 47
46 6
49 8
50 8
53 10
54 10
57 59
57 12
58 60
61 63
61 14
62 14
65 16
66 16
69 71
70 18
73 75
74 76
77 22
78 22
81 24
82 24
82 84
85 26
86 26
86 88
89 28
90 92
93 30
94 30
97 32
98 32
18 1
18 20
18 22
32 1
32 21
10 4
63 15
1 13
1 2
1 24
1 27
16 20
28 19
28 13
4 21
30 6
14 25
8 20
20 6
24 29
24 3
13 59
13 60
84 25
71 19
92 29
75 21
21 76
88 27
27 7
47 7