0 3 5 7 9 11 13 16 18 20 22 25 27 29 31 33 35 37 39 41 43 45 47 50 52 54 56 58 60 62 64 66 68 70 72 74 76 78 80 82 84 86 88 90 92 94 96 98 17 12 10 8 6 4 49 51 53 55 57 81 79 77 75 73 71 69 67 65 63 61 59 48 46 44 42 40 38 36 89 87 85 83 1 93 91 26 24 23 21 95 97 34 19 30 28 15
0 1
3 4
3 49
5 6
5 4
7 8
7 6
9 10
9 8
11 10
13 12
13 10
13 15
16 15
18 17
18 19
20 21
20 19
22 23
22 21
25 26
25 24
27 26
27 28
29 30
29 28
31 30
33 34
35 36
35 34
37 38
37 36
39 40
39 38
41 42
41 40
43 44
43 42
45 46
45 44
47 48
47 46
50 49
50 51
52 51
52 53
54 53
54 55
56 55
56 57
58 57
58 59
60 61
60 59
62 63
62 61
64 65
64 63
66 67
66 65
68 69
68 67
70 71
70 69
72 73
72 71
74 75
74 73
76 77
76 75
78 79
78 77
80 81
80 79
82 81
82 83
84 85
84 83
86 87
86 85
88 89
88 87
90 89
90 91
92 93
92 91
94 93
94 95
96 95
96 97
98 97
17 12
49 48
49 1
24 23