0 1 2 3 4 5 6 7 8 9 10 11 12 13 14 15 16 17 18 19 20 21 22 23 24 25 26 27 28 29 30 31 32 33 34 35 36 37 38 39 40 41 42 43 44 45 46 47 48 49 50 51 52 53 54 55 56 57 58 59 60 88 72 81 97 74 98 79 95 68 80 82 96 71 76 67 87 77 66 83 90 64 70 65
0 88
0 5
0 55
0 65
1 42
1 50
2 39
2 9
3 64
4 20
5 35
5 97
6 32
6 96
6 87
7 82
7 90
8 32
8 88
8 41
8 29
8 72
8 51
10 49
11 54
12 95
12 24
13 97
13 25
14 46
14 53
14 81
14 28
14 80
15 48
15 68
16 96
16 56
17 21
17 52
17 98
18 48
19 41
19 48
20 35
20 52
20 76
21 27
22 24
23 88
23 83
24 46
26 87
28 49
28 60
28 39
28 77
30 88
30 38
30 67
31 41
33 55
34 45
34 37
35 50
36 95
37 71
37 57
37 66
40 49
43 59
43 51
44 81
46 47
46 83
50 66
53 79
54 79
58 71
97 74
80 82
64 70
70 65