35 5 8 17 1 10 11 21 23 73 74 75 6 9 20 48 63 65 69 79 93 26 34 46 61 81 31 37 38 47 66 70 72 92 99 15 68 16 56 71 77 94 33 50 76 78 87 0 27 83 39 4 42 52 22 84 54 40 41 80 18 58 60 36 3 97 32 2 91 67 14 82 19 44 53 43 13 29 85 45 96 25 64 12 24 62 51 7 30 95 88
35 3
35 97
35 53
5 42
5 40
5 41
8 50
8 51
17 76
17 78
17 77
1 29
1 30
10 56
11 60
21 88
23 94
23 96
23 95
73 68
73 27
73 83
74 16
74 60
75 16
75 56
75 39
75 88
6 44
6 43
6 45
9 52
9 54
9 53
20 87
20 85
48 76
48 7
63 64
63 12
65 13
65 80
69 71
69 14
79 87
79 29
79 18
93 22
93 40
26 77
26 0
26 96
34 3
46 71
61 67
81 18
81 43
31 97
31 2
37 4
38 4
38 42
47 7
66 13
70 15
72 15
72 68
92 22
99 24
15 71
33 2
87 58
0 27
0 25
83 39
83 19
39 4
52 43
22 91
84 54
84 19
80 18
36 3
97 24
32 2
67 14
82 19
82 51
13 64
12 62