50 60 76 6 12 22 25 33 40 3 10 16 20 27 43 45 56 58 67 69 1 31 37 49 71 9 15 53 75 51 52 48 38 36 32 29 30 54 65 68 21 19 11 8 61 57 55 23 59 18 17 14 39 42 47 7 2 28 41
50 52
50 48
60 61
76 68
6 7
12 11
12 8
22 21
22 23
22 30
25 23
25 28
33 36
33 32
40 38
40 39
40 41
3 18
3 2
10 17
10 14
16 19
16 11
16 14
20 21
20 19
27 32
43 41
45 42
45 47
56 54
56 65
56 57
58 61
58 57
58 59
67 68
69 68
1 2
31 30
31 54
37 38
37 36
49 47
71 17
9 8
15 14
53 51
75 59
51 52
48 47
32 29
29 30
65 68
11 7
57 55
18 17
39 42