59 95 12 25 35 37 39 61 64 70 72 84 91 92 1 3 5 7 9 14 16 18 20 22 27 29 31 33 41 43 45 66 74 77 79 89 21 75 26 28 30 32 34 36 38 40 90 0 56 85 60 80 78 62 63 65 67 68 13 23 24 94 82 81 69 11 10 88 57 17 19 15 42 2 4 6 8 71
59 56
59 57
95 94
12 68
12 11
25 75
25 26
25 24
35 34
35 36
35 60
37 36
37 38
37 85
39 38
39 40
61 60
61 80
61 62
64 63
64 65
64 69
70 81
70 69
70 71
72 71
84 38
84 88
91 90
91 0
92 94
92 82
1 0
1 2
3 2
3 4
5 4
5 6
7 6
7 8
9 10
9 8
14 13
14 15
16 17
16 15
18 17
18 19
20 21
20 19
22 21
22 23
27 26
27 28
29 28
29 30
31 30
31 32
33 32
33 34
41 40
41 42
43 42
45 0
66 65
66 67
74 75
77 78
79 80
79 78
89 85
40 90
62 63
67 68
23 24
82 81
88 57