0 35 36 37 38 41 42 45 46 49 50 53 54 57 58 61 62 65 66 69 70 73 74 77 78 81 82 85 86 89 90 93 94 97 98 22 12 4 26 20 6 9 52 8 10 16 24 30 2 28 1 5 44 18 29 91 32 76 21 14 75 92 3 40 51 87 27 23 80 63 15
0 12
35 1
36 1
37 2
38 2
38 40
41 4
42 44
45 6
46 6
49 8
50 52
53 10
54 10
57 12
58 12
61 14
61 63
62 14
65 16
66 16
69 18
70 18
73 75
74 76
77 22
78 80
81 24
82 24
85 26
85 87
86 26
89 91
90 28
90 92
93 30
94 30
97 32
98 32
22 4
12 10
12 18
12 9
12 2
4 32
26 24
26 16
20 29
6 18
6 21
9 52
9 51
8 24
8 1
10 32
30 1
30 5
2 29
1 18
5 44
18 23
29 91
29 92
29 15
76 21
21 75
3 40
87 27
23 80
63 15