0 2 4 6 8 10 12 14 16 18 20 22 24 26 28 30 32 34 36 38 40 42 44 46 48 50 52 54 56 58 60 62 64 66 68 70 72 74 76 78 80 82 84 86 88 90 92 94 96 98 53 3 69 67 65 63 31 33 35 37 39 41 43 45 47 49 51 29 27 25 23 21 19 17 15 13 11 9 7 5 55 57 59 61 71 73 75 77 79 81 83 85 87 89 91 93 95 97 1
0 1
2 3
2 1
4 3
4 5
6 7
6 5
8 9
8 7
10 11
10 9
12 13
12 11
14 15
14 13
16 17
16 15
18 19
18 17
20 21
20 19
22 23
22 21
24 25
24 23
26 27
26 25
28 29
28 27
30 31
30 29
32 31
32 33
34 33
34 35
36 35
36 37
38 37
38 39
40 39
40 41
42 41
42 43
44 43
44 45
46 45
46 47
48 47
48 49
50 49
50 51
52 53
52 51
54 53
54 55
56 55
56 57
58 57
58 59
60 59
60 61
62 63
62 61
64 65
64 63
66 67
66 65
68 69
68 67
70 69
70 71
72 71
72 73
74 73
74 75
76 75
76 77
78 77
78 79
80 79
80 81
82 81
82 83
84 83
84 85
86 85
86 87
88 87
88 89
90 89
90 91
92 91
92 93
94 93
94 95
96 95
96 97
98 97