0 25 81 91 40 45 19 23 36 38 57 61 63 65 67 69 72 74 76 78 11 12 13 14 15 16 17 49 51 52 53 54 55 56 58 59 80 50 66 64 62 60 71 4 18 73 75 77 79 2 3 9 26 68 44 6 48 37 22 1 90 21 7
0 71
0 4
0 18
0 2
0 9
0 6
0 1
0 7
25 26
25 50
81 60
81 90
91 90
40 44
45 44
45 48
19 18
19 21
23 22
36 26
36 37
38 37
57 50
57 71
61 62
61 60
63 64
63 62
65 66
65 64
67 66
67 68
69 68
72 71
72 73
74 73
74 75
76 75
76 77
78 77
78 79
11 1
12 2
13 3
14 4
15 6
16 7
17 9
49 48
51 50
52 50
53 50
54 50
55 50
56 50
58 50
59 50
80 79
50 60
71 3
71 44
22 21