67 8 21 22 65 82 91 11 34 46 54 55 68 72 79 84 92 2 6 17 19 37 69 85 0 9 16 29 45 61 77 13 25 26 33 50 96 44 28 59 73 47 66 20 23 1 18 60 49 52 40 64 86 27 93 56 14 94 83 97 70 12 48 75 5 39 90 98 71 62 38 99 41 7 31 89 53 78 80 58 15
67 64
67 53
67 56
8 18
8 58
21 86
21 27
22 75
22 5
65 23
65 1
65 40
82 44
82 28
82 38
82 64
82 41
91 49
91 70
11 48
11 60
11 31
34 18
34 38
34 99
34 78
46 94
46 83
54 28
54 59
54 73
55 31
68 5
68 71
68 80
72 97
72 64
79 93
79 7
84 60
92 98
2 47
2 66
6 27
17 53
19 52
19 18
37 39
69 89
85 90
0 49
9 59
16 28
29 44
45 97
61 99
77 38
13 20
25 49
26 23
33 93
50 52
96 70
44 12
73 47
73 62
66 20
1 18
64 86
14 94
14 90
83 97
70 12
12 48
39 90
39 15
98 71
41 7
89 58
78 80