44 45 54 55 34 35 43 46 53 56 64 65 4 5 14 15 24 25 33 36 63 66 74 75 84 85 94 95 69 59 68 77 6 32 41 51 96 3 40 22 31 76 42 48 72 17 20 26 37 38 11 2 1 61 50 58 47 73 91 92 10 30 7 39 89 16 27
44 1
44 10
44 7
45 11
45 2
54 17
54 20
54 11
54 91
55 92
55 89
34 68
34 77
35 69
35 72
35 1
35 61
43 77
43 6
43 17
46 3
46 72
46 89
53 96
53 27
56 22
64 38
64 30
64 27
65 22
65 31
65 91
65 39
4 30
5 42
5 48
5 31
14 48
15 41
15 58
24 61
24 50
25 68
25 51
33 76
36 2
36 73
63 20
63 26
63 37
66 32
74 40
75 32
75 41
84 50
84 47
85 59
85 48
94 51
95 58
69 26
59 96
6 32
3 40
76 39
42 16