27 95 15 22 57 66 5 14 40 69 43 44 60 18 34 41 53 64 7 42 90 51 26 56 91 23 25 4 76 50 1 10 82 59 77 2 0 84 12 73 79 28 31 9 49 33 80 37 47 68 58 78 62 86 3 81 55 30 61 98
27 25
27 47
95 73
95 79
15 59
22 62
22 55
57 0
66 79
66 9
5 25
5 4
14 98
40 58
40 81
69 59
69 77
69 3
43 10
44 30
60 37
18 49
18 80
34 9
34 10
34 30
41 28
41 31
41 33
41 37
53 23
53 25
64 10
7 81
42 80
90 84
51 23
51 76
26 1
26 68
56 77
91 28
23 78
25 49
76 50
50 1
10 82
59 61
2 3
0 84
84 28
12 73
31 9
31 58
33 86
58 78
58 3
62 86
61 98