0 35 36 37 38 41 42 45 46 49 50 53 54 57 58 61 62 65 66 69 70 73 74 77 78 81 82 85 86 89 90 93 94 97 98 26 18 10 14 8 12 1 4 20 2 79 23 39 3 30 22 40 32 16 24 6 28 80 76 21 33
0 20
0 33
0 2
35 33
36 1
37 39
37 2
38 40
41 4
42 4
45 6
46 6
49 8
50 8
53 10
54 10
57 12
58 12
61 14
62 14
65 16
66 16
69 18
70 18
73 20
74 20
74 76
77 79
78 22
78 80
81 24
82 24
85 26
86 26
89 28
90 28
93 30
94 30
97 32
98 32
26 2
26 4
26 12
18 14
10 21
14 16
14 24
14 2
8 3
1 22
1 20
20 6
20 32
2 28
79 23
23 80
39 3
3 30
3 40
76 21