25 7 18 42 57 68 75 84 0 14 32 38 50 64 70 82 88 12 22 33 36 62 72 95 9 44 46 49 59 90 96 3 91 93 92 83 85 79 71 27 20 19 45 34 35 15 16 2 1 98 97 89 21 10 74 23 63 99 60 40 39 24 86 87 55 8 11 69 94 4 47
25 27
25 20
25 10
7 8
18 16
18 2
18 19
42 40
57 89
57 55
68 2
75 79
75 60
84 92
84 83
84 99
84 86
0 2
0 1
14 23
14 24
32 35
38 39
38 24
38 47
50 55
64 74
70 71
70 27
70 69
82 85
82 79
88 97
88 89
88 74
12 10
12 11
22 23
22 21
33 34
33 35
36 34
62 63
72 74
95 94
9 10
44 19
44 45
46 47
49 45
49 34
59 60
90 92
96 98
96 97
3 20
91 92
93 92
83 85
79 71
20 19
20 21
20 63
15 16
1 98
1 4
40 39
86 87
8 11
69 94