0 1 2 3 4 5 6 7 8 9 10 11 12 13 14 15 16 17 18 19 20 21 22 23 24 25 26 27 28 29 30 31 32 33 34 35 36 37 38 39 40 41 42 43 44 45 46 47 48 49 50 51 52 53 54 55 56 57 58 59 60 61 62
0 2
0 1
1 4
1 3
2 5
2 6
3 8
3 7
4 9
4 10
5 11
5 12
6 13
6 14
7 15
7 16
8 17
8 18
9 20
9 19
10 22
10 21
11 24
11 23
24 25
25 26
25 37
25 27
26 29
26 28
27 31
28 32
28 33
29 35
29 34
30 37
30 36
31 39
31 38
32 40
32 41
33 43
33 42
34 45
34 44
35 47
35 46
36 49
36 48
37 51
37 50
38 52
38 53
39 55
39 54
40 56
40 57
41 58
41 59
42 60
42 61
43 62