30 8 10 38 46 50 11 19 23 56 61 70 37 48 51 64 66 76 82 86 1 4 16 36 58 77 79 84 88 17 25 53 35 49 57 0 13 14 22 20 3 28 78 73 71 47 43 45 9 6 5 24 69 72 31 74 39 83 75 60 12 44 87 63 52 40 68
30 35
30 28
8 14
8 28
8 6
10 0
10 13
10 3
38 31
38 39
46 47
46 43
46 40
50 35
50 49
11 20
11 3
19 45
19 9
19 44
23 22
23 24
56 71
56 47
56 60
61 60
61 63
70 73
70 71
70 69
37 43
48 49
51 52
51 47
64 63
66 69
76 74
76 75
76 87
82 83
82 75
86 68
1 0
1 12
4 3
16 13
36 35
58 57
77 78
77 73
79 78
84 83
88 87
17 12
25 24
53 52
35 39
49 57
13 14
22 20
71 72
43 45
9 6
6 5
69 68
72 74