29 46 4 13 54 56 98 6 16 24 36 57 60 8 32 44 67 68 73 80 82 87 90 15 27 66 77 92 96 75 86 93 94 62 61 63 50 22 21 20 12 30 37 38 39 41 34 17 91 95 64 26 31 28 35 51 58 81 84 83 2 7 14 65 9 11 33 76
29 50
29 22
29 34
29 35
29 51
46 39
4 9
4 11
13 12
13 26
54 51
54 58
56 63
56 50
98 94
98 62
6 12
6 7
16 17
24 30
24 31
36 30
36 37
57 58
60 61
60 63
8 2
8 9
32 26
32 38
44 37
44 95
67 64
68 64
68 65
73 76
80 83
82 86
82 81
87 91
87 84
90 86
90 93
15 21
15 20
27 33
66 65
77 81
77 76
92 91
96 91
96 95
75 58
93 94
62 61
61 64
22 21
22 17
20 14
38 39
41 34
26 31
26 33
28 35
84 83
2 7
14 9