0 11 15 25 43 34 78 24 33 69 91 44 52 75 82 84 94 16 59 79 73 87 61 27 23 26 22 4 9 90 5 3 17 13 18 14 51 37 35 85 83 86 54 60 67 92 10 70 32 45 41 77 50 31 48 53 63 40 28 72 39
0 4
11 90
11 45
11 63
15 14
25 50
43 27
34 72
34 39
78 73
78 90
78 70
78 32
24 22
33 37
69 23
91 92
44 40
52 54
52 37
75 48
82 45
84 35
84 83
94 90
16 87
59 32
79 77
87 61
87 85
87 86
61 27
27 54
23 26
26 22
26 28
22 4
4 9
4 31
9 90
9 3
5 3
3 17
17 13
13 18
18 14
51 37
51 50
37 35
37 41
60 67
60 63
67 92
10 70
32 50
32 39
77 72
50 53
31 48
63 40