97 1 5 10 20 11 14 31 45 80 0 7 9 22 35 39 43 66 34 37 51 76 32 33 63 65 71 73 79 84 88 89 95 96 85 57 53 59 42 29 55 6 23 94 28 98 2 41 16 75 92 44 24 3 40 18 83 90 21 69 13 74 8 48 58 68 12 62 54 99 30 17 25 81
97 24
97 62
1 29
1 28
1 30
5 42
5 41
5 40
10 55
10 57
20 85
11 59
11 58
11 17
14 69
14 68
31 85
31 98
31 2
31 75
45 6
45 94
45 25
80 18
80 83
0 25
7 48
9 53
9 54
22 92
35 44
35 3
35 99
39 57
39 48
43 55
43 6
43 69
66 13
34 3
37 98
51 92
51 8
76 17
32 83
32 2
33 2
63 12
65 69
65 13
71 28
73 16
79 18
84 69
88 21
89 55
89 21
95 23
96 54
57 53
29 81
6 44
23 94
98 24
98 58
16 75
16 74
75 92
24 99
40 69
90 21
74 30
12 62