0 3 9 11 12 18 48 2 7 8 31 36 39 41 42 46 5 20 21 24 27 29 32 33 47 1 14 51 52 64 37 49 57 95 89 76 98 81 86 15 4 63 61 94 66 97 30 92 6 23 22 50 25 45 28 75 44 69 55 67 59
0 95
0 89
0 76
0 98
0 81
0 86
0 94
0 97
0 30
0 75
0 4
0 69
0 67
3 66
3 37
3 44
9 63
9 55
11 28
11 15
11 59
12 49
12 23
18 25
18 45
18 63
48 4
48 63
2 57
2 28
7 37
8 69
31 61
31 6
36 89
39 49
39 57
39 92
41 55
42 95
46 22
46 50
5 28
20 75
21 76
24 44
27 81
29 4
32 30
33 15
47 23
1 22
14 15
51 59
52 6
64 61
37 49
49 45
57 61
50 25