0 61 57 12 30 77 96 1 3 43 47 52 18 29 56 65 79 93 2 13 15 60 68 69 4 11 16 42 44 97 31 74 90 66 38 87 25 75 72 37 64 91 36 50 24 5 59 53 58 83 28 27 10 92 84 45 76 82 80 6 22 63 70 9 62 35 94 89 55 14
0 76
0 22
61 25
61 75
61 5
61 38
61 6
57 9
57 14
12 80
12 36
12 62
30 58
30 82
30 94
77 38
77 28
96 50
96 10
96 70
1 84
3 45
3 55
43 91
47 14
52 87
18 75
18 24
18 89
29 70
56 72
65 5
65 53
65 80
65 35
79 36
93 38
2 24
13 91
13 36
15 63
60 87
68 59
69 25
4 27
11 25
16 87
42 66
44 83
97 28
31 59
74 36
90 91
66 91
87 55
25 50
72 37
72 6
37 64
5 59
59 27
59 45
53 58
83 94
10 92
92 84
92 9
76 82
22 63