0 1 2 3 4 5 6 7 8 9 10 11 12 13 14 15 16 17 18 19 20 21 22 23 24 25 26 27 28 29 30 31 32 33 34 35 36 37 38 39 40 41 42 43 44 45 46 47 48 49 50 51 52 53 54 55 56 57 58 59 60 61 62 63 64 65 66 67 68 69 70 71 72 73 74 75 76 77 78 79 80 81 82 83 84 85 86 87 88 89 90 91 92 93 94 95 96 97 99 98
0 1
1 2
2 3
3 4
4 58
5 58
6 58
7 58
8 58
9 58
10 58
11 58
12 58
13 58
14 58
15 58
16 58
17 58
18 58
19 58
20 21
21 22
22 23
22 58
24 58
25 58
26 58
27 28
27 58
28 29
29 30
31 32
32 33
33 56
33 34
35 56
36 56
37 56
38 56
39 56
40 41
41 42
41 56
42 43
44 56
45 56
46 56
47 56
48 56
49 56
50 56
51 56
52 53
53 56
54 56
55 56
56 57
57 58
57 88
57 79
57 74
57 64
57 83
57 69
57 80
57 72
57 63
57 82
57 65
57 70
57 85
57 73
57 62
57 61
57 77
57 76
57 75
57 87
57 66
57 84
57 81
57 78
57 86
57 67
57 68
57 71
58 59
59 60
88 89
89 90
89 99
90 91
91 92
92 93
93 94
94 95
96 97
97 98
99 98