0 35 36 37 38 41 42 45 46 49 50 53 54 57 58 61 62 65 66 69 70 73 74 77 78 81 82 85 86 89 90 93 94 97 98 28 10 22 4 26 8 12 24 30 13 59 6 32 20 16 14 18 7 47 1 3 40 15 63 19 71 2
0 14
35 1
36 1
37 2
38 40
41 4
42 4
45 47
45 6
46 6
49 8
50 8
53 10
54 10
57 59
58 12
61 14
61 63
62 14
65 16
66 16
69 71
70 18
73 20
74 20
77 22
78 22
81 24
82 24
85 26
86 26
89 28
90 28
93 30
94 30
97 32
98 32
28 4
28 8
10 8
10 14
10 3
22 32
22 14
26 8
26 24
26 6
26 2
12 20
24 20
24 1
30 13
13 59
13 6
20 19
20 16
18 7
7 47
3 40
15 63
19 71