0 13 79 15 29 43 93 24 48 81 87 99 37 69 82 90 40 50 80 6 27 16 86 75 54 96 31 57 44 33 14 73 63 28 74 78 94 70 32 12 64 8 62 36 56 38 39 61 65 89 85 97 22 76 35 10 83 1 60 34 45 49
0 10
13 12
13 10
79 85
15 63
15 64
29 27
29 31
29 36
43 94
43 89
43 49
93 8
24 54
24 97
24 36
48 70
81 78
81 94
81 64
81 83
87 27
99 33
37 16
37 65
69 62
82 75
82 57
90 27
40 86
40 75
40 44
50 28
80 70
6 32
75 34
54 96
96 83
57 85
44 33
44 89
14 73
73 63
28 61
74 78
78 70
70 32
32 12
64 8
8 62
36 56
56 38
38 39
39 61
65 35
97 22
22 76
76 35
1 60
60 34
45 49