3 6 9 12 15 18 21 24 27 30 33 36 39 42 45 48 51 54 57 60 63 66 69 72 75 78 81 84 87 90 93 96 0 99 50 47 44 40 37 34 31 28 13 17 19 23 25 52 85 83 79 77 5 7 10 67 70 74 88 92 95 59 55 61 64 2 98
3 5
3 2
6 5
6 7
9 7
9 10
12 13
12 10
15 13
15 17
18 17
18 19
21 19
21 23
24 23
24 25
27 28
27 25
30 31
30 28
33 34
33 31
36 37
36 34
39 40
39 37
42 44
42 40
45 47
45 44
48 50
48 47
51 50
51 52
54 52
54 55
57 59
57 55
60 59
60 61
63 61
63 64
66 67
66 64
69 67
69 70
72 70
72 74
75 77
75 74
78 79
78 77
81 83
81 79
84 85
84 83
87 85
87 88
90 88
90 92
93 92
93 95
96 95
96 98
0 2
99 98