13 20 69 1 4 6 9 10 11 15 25 40 81 90 98 27 33 34 67 47 68 76 26 32 36 49 50 51 63 75 77 78 80 82 88 96 99 37 39 86 97 45 57 43 66 44 30 21 38 2 0 55 53 89 19 83 17 71 64 14 46 7 8 61 18 94 73 62 29 54 93 22 91 74 16 65 72 24 28 59 42 5 60 79
13 66
13 64
13 65
20 86
69 64
69 14
69 91
69 59
1 30
1 28
4 37
4 39
4 38
6 45
6 43
6 44
9 53
9 54
10 57
10 55
11 59
11 60
15 71
15 72
25 0
40 5
81 18
81 94
81 65
90 30
90 21
90 66
90 46
98 37
98 53
98 24
27 0
27 42
33 86
33 97
33 2
34 62
67 57
47 7
47 79
68 14
68 74
76 66
76 17
26 0
26 28
32 2
36 62
49 8
50 8
50 61
51 44
51 8
63 93
75 16
77 17
78 17
78 71
80 18
80 29
82 39
82 19
88 21
88 38
96 79
99 24
97 45
43 30
21 89
55 53
19 83
64 62
46 7
94 73
93 22
22 91
74 16
42 5