0 1 31 34 36 4 6 7 8 52 53 55 56 11 63 69 71 73 87 21 93 27 26 44 88 80 18 79 14 15 81 50 16 23 96 51 41 62 47 59 60 90 9 39 12 19 82 89 49 10 43 45 3 91 28 64 2 25 20 85
0 27
0 26
0 25
1 28
31 39
31 2
34 28
36 45
36 3
4 39
6 44
6 43
6 45
7 47
8 51
8 50
8 49
52 27
52 9
52 64
53 9
55 10
56 10
56 80
11 59
11 60
63 39
63 12
69 79
69 14
71 15
71 81
71 47
73 50
73 16
73 44
87 91
87 20
21 88
21 90
21 89
93 43
26 44
26 82
88 28
80 18
18 79
18 81
81 50
81 85
23 96
96 51
41 62
62 12
60 90
39 25
19 82
89 49
20 85