0 1 2 3 4 6 10 11 15 16 18 19 20 22 24 25 26 32 34 35 41 48 51 57 59 62 58 28 82 86 79 84 83 29 23 76 80 73 14 17 90 54 69 53 77 63 8 46 61 9 40 78 91 67 65 75 85 55 64 71 49 81 39 31 5 52 68
0 79
0 84
0 80
1 28
1 67
1 64
2 85
2 55
3 63
3 31
4 9
6 54
10 46
11 14
11 91
11 64
15 17
16 49
16 77
18 86
18 40
18 91
19 69
20 54
20 65
22 8
24 29
24 85
25 84
25 52
26 58
32 83
34 65
34 75
35 49
41 23
41 65
41 71
41 8
48 83
48 73
48 61
51 58
57 71
59 55
62 82
58 75
82 86
86 79
79 90
83 29
29 23
76 80
80 75
14 17
14 78
54 77
69 53
53 77
77 63
8 46
8 5
46 81
9 40
67 68
55 39