31 15 46 54 21 81 17 37 70 0 62 95 32 23 78 5 36 94 38 96 40 83 59 60 92 2 27 10 19 49 64 66 85 9 65 34 45 8 3 25 68 51 82 75 80 14 28 56 79 13 89 99 52 84 76 11 58 7 39 47 6 42 74 53
31 9
31 58
15 47
46 19
54 89
54 99
21 80
81 25
17 80
17 92
17 7
37 66
70 13
0 10
0 8
62 65
62 39
95 34
95 45
95 53
32 80
32 14
23 65
78 28
5 51
36 75
94 19
38 56
96 92
40 82
40 7
83 68
59 52
60 53
92 2
92 51
2 27
10 19
10 79
19 49
49 64
64 66
64 85
66 75
85 9
65 34
45 11
45 84
8 3
3 25
3 68
51 47
82 75
75 99
14 28
14 84
14 74
28 56
13 89
89 6
52 84
52 42
76 11