49 80 5 10 15 19 22 30 45 50 55 66 69 86 89 1 3 7 12 17 24 26 28 32 35 37 41 43 47 52 57 61 63 71 76 78 82 84 91 93 95 97 74 48 46 44 51 40 31 23 62 60 2 0 20 70 90 92 94 11 58 59 27 29 39 79 99 98 68 67 85 83 81 96 77 13 14 6 73 9 8 38 18 16 4 36 56
49 48
49 59
49 39
80 70
80 90
80 81
80 73
5 14
5 4
10 0
10 20
10 11
15 16
19 9
19 29
19 18
22 31
22 23
30 40
30 31
30 20
45 46
45 44
45 51
50 40
50 60
55 56
66 67
66 77
69 59
69 79
69 68
86 85
89 79
89 99
1 2
3 2
3 4
7 6
7 8
12 11
12 13
17 18
17 16
24 23
26 27
28 27
28 29
32 31
35 36
37 38
37 36
41 40
43 44
47 48
47 46
52 51
57 58
57 56
61 62
61 60
63 62
71 70
76 77
78 79
82 83
82 81
84 85
84 83
91 90
91 92
93 92
93 94
95 94
95 96
97 98
97 96
74 73
60 70
58 59
29 39
39 38
99 98
68 67
13 14
9 8