0 35 36 37 38 41 42 45 46 49 50 53 54 57 58 61 62 65 66 69 70 73 74 77 78 81 82 85 86 89 90 93 94 97 98 16 6 20 18 1 4 12 14 26 28 24 10 32 8 63 15 34 2 30 13 60 22 11 56 92 29 79 23 91
0 34
0 10
0 13
0 28
35 1
36 34
37 2
38 2
41 4
42 4
45 6
46 6
49 8
50 8
53 10
54 56
57 12
58 60
61 63
62 14
65 16
66 16
69 18
70 18
73 20
74 20
77 79
78 22
81 24
82 24
85 26
86 26
89 28
89 91
90 28
90 92
93 30
94 30
97 32
98 32
16 26
16 11
6 4
20 18
20 28
20 32
20 4
18 2
18 22
1 30
4 26
4 15
12 26
14 28
28 24
10 23
32 30
8 22
63 15
13 60
11 56
92 29
79 23