1 3 5 7 9 11 13 15 17 19 21 23 25 27 29 31 33 35 37 39 41 43 45 47 49 51 53 55 57 59 61 63 65 67 69 71 73 75 77 79 81 83 85 87 89 91 93 95 97 99 4 6 8 10 12 14 64 62 60 58 56 54 52 50 48 46 44 42 40 2 16 18 20 22 24 26 28 30 32 34 36 38 76 78 80 82 84 86 88 90 92 94 96 98 66 68 70 72 74
1 2
3 4
3 2
5 4
5 6
7 6
7 8
9 8
9 10
11 10
11 12
13 12
13 14
15 14
15 16
17 16
17 18
19 18
19 20
21 20
21 22
23 22
23 24
25 24
25 26
27 26
27 28
29 28
29 30
31 30
31 32
33 32
33 34
35 34
35 36
37 36
37 38
39 40
39 38
41 42
41 40
43 44
43 42
45 46
45 44
47 48
47 46
49 50
49 48
51 52
51 50
53 54
53 52
55 56
55 54
57 58
57 56
59 60
59 58
61 62
61 60
63 64
63 62
65 64
65 66
67 66
67 68
69 68
69 70
71 70
71 72
73 72
73 74
75 76
75 74
77 76
77 78
79 78
79 80
81 80
81 82
83 82
83 84
85 84
85 86
87 86
87 88
89 88
89 90
91 90
91 92
93 92
93 94
95 94
95 96
97 96
97 98
99 98