42 58 64 23 36 40 55 82 14 46 49 57 74 78 79 19 21 39 52 60 68 85 89 10 12 24 28 30 32 33 35 38 41 44 53 59 61 62 66 80 84 88 94 99 20 11 26 43 16 0 54 9 96 22 2 70 29 37 90 13 31 48 81 77 50 17 71 87 1 86 75 4 27 83 45 92 69 95 47 67
42 29
42 45
58 20
58 11
58 0
58 92
64 22
64 2
64 77
64 17
23 54
23 9
23 29
36 20
36 16
36 37
36 90
40 1
40 4
40 47
55 31
55 48
55 50
82 96
82 22
14 9
46 71
46 87
46 86
49 70
49 67
57 13
57 95
74 11
74 26
78 13
78 22
78 75
79 9
19 81
21 27
21 69
39 37
39 31
52 20
52 83
60 75
68 2
68 70
85 77
89 77
10 11
12 69
24 90
28 4
30 4
32 87
33 1
35 37
38 95
41 45
44 67
53 16
59 77
61 16
62 17
66 96
80 92
84 47
88 50
94 86
99 29
26 43
0 54
0 70
48 81
17 71
87 1
27 83