29 16 22 11 17 35 58 99 54 3 5 68 0 32 38 57 64 72 81 84 96 14 71 19 26 73 76 83 87 49 86 31 48 25 37 36 20 78 66 74 79 40 70 33 39 6 61 12 95 62 9 69 43 13 10 27 89 56 82 88 77 92 28 4 21 34 7 8 65 97 47 93 18 45 63 53 90 98 41 42
29 66
29 39
29 6
16 25
16 37
16 63
16 9
22 90
11 61
17 40
17 56
17 28
35 8
58 62
58 65
99 25
99 12
99 21
99 7
54 34
54 89
54 90
3 33
3 92
5 7
68 36
68 74
68 79
0 82
32 97
32 47
38 88
38 77
38 93
38 53
57 18
64 69
72 77
81 95
81 10
84 88
84 45
96 39
96 27
14 62
71 78
71 8
19 34
26 97
73 31
76 45
83 8
87 79
49 37
86 92
31 48
48 25
48 98
25 18
36 20
66 74
66 43
40 70
40 98
70 33
70 41
6 63
61 12
61 8
95 77
62 9
9 69
9 53
43 13
27 89
56 82
4 21
47 93
41 42