0 1 2 3 4 5 6 7 8 9 10 11 12 13 14 15 16 17 18 19 20 21 22 23 24 25 26 27 28 29 30 31 32 33 34 35 36 37 38 39 40 41 42 43 44 45 46 47 48 49 50 51 52 53 54 55 56 57 58 59 60 61
0 1
0 61
0 3
0 2
1 5
1 4
1 6
4 7
4 9
4 8
7 10
7 11
7 12
10 13
10 14
10 15
13 16
13 17
13 18
16 19
16 21
16 20
19 22
19 23
19 24
22 25
22 27
22 26
25 28
25 29
25 30
28 31
28 32
28 33
31 34
31 35
31 36
34 37
34 38
34 39
37 40
37 42
37 41
40 43
40 44
40 45
43 46
43 47
43 48
46 49
46 51
46 50
49 52
49 54
49 53
52 57
52 56
55 58
55 59
55 60
58 61