88 24 38 87 6 33 12 13 1 32 72 82 83 90 93 98 3 7 14 30 45 60 66 10 16 31 39 43 47 50 59 51 79 23 69 95 86 41 4 71 89 25 99 26 97 67 53 91 22 49 9 15 56 18 17 54 65 77 0 75 21 80 62
88 86
24 22
38 65
38 41
87 99
87 26
87 56
6 67
6 75
33 4
33 71
33 97
33 67
33 53
12 69
12 95
12 0
13 25
1 41
32 9
72 99
72 22
82 49
83 97
90 41
93 26
93 97
93 18
98 91
3 86
7 62
14 69
30 17
45 75
60 95
60 9
66 86
10 67
16 23
31 51
39 91
43 15
47 18
50 65
59 95
51 79
79 23
23 53
23 91
95 49
95 21
86 22
41 4
71 89
89 25
99 62
26 17
67 54
9 15
9 56
56 80
77 0