0 46 21 28 1 17 32 3 6 8 11 26 27 31 36 38 51 53 9 15 24 37 56 60 2 34 40 42 59 14 57 82 87 88 65 19 69 78 80 10 7 44 90 45 25 70 89 41 97 98 55 61 13 73 74 67 23 86 99 93 68 71
0 57
0 82
0 87
0 88
0 78
0 70
0 89
0 97
0 98
0 55
0 61
0 74
0 99
0 93
0 71
46 7
46 19
46 25
46 45
21 14
21 57
28 90
28 19
28 41
1 45
17 82
32 93
3 71
6 73
6 68
8 10
8 55
11 78
26 88
26 65
27 19
27 44
31 7
36 61
38 98
38 67
51 69
53 13
53 23
9 25
15 80
15 44
24 45
37 10
56 14
60 65
2 7
34 67
40 19
42 55
59 41
19 69
7 74
45 68
41 13
23 86