0 35 36 37 38 41 42 45 46 49 50 53 54 57 58 61 62 65 66 69 70 73 74 77 78 81 82 85 86 89 90 93 94 97 98 8 6 30 32 18 4 16 34 28 12 2 22 26 24 14 10 39 3 76 21 75 20 1 7 47 15 64
0 34
0 8
0 28
0 16
35 1
36 34
37 2
37 39
38 2
41 4
42 4
45 47
46 6
49 8
50 8
53 10
54 10
57 12
58 12
61 14
62 14
62 64
65 16
66 16
69 18
70 18
73 75
74 76
74 20
77 22
78 22
81 24
82 24
85 26
86 26
89 28
90 28
93 30
94 30
97 32
98 32
6 26
30 32
30 22
30 14
32 16
32 24
32 21
32 1
18 12
4 16
4 2
16 12
26 1
14 10
10 7
39 3
76 21
21 75
7 47
15 64