9 14 36 49 11 57 63 66 72 86 92 18 3 5 24 29 43 79 89 16 22 27 31 41 45 47 52 61 75 97 33 68 81 84 95 28 85 83 46 48 4 10 13 59 71 64 12 93 8 30 67 15 98 99 73 82 91 90 76 40 39 38 32 26 80 62 44 87 1 2 21 70 69 94 0 34 25 53
9 10
9 83
9 82
14 13
14 59
14 15
36 34
49 90
49 76
11 12
11 26
57 40
63 2
63 64
66 99
66 71
66 67
66 48
72 71
72 8
72 1
86 87
86 32
86 53
92 12
92 93
92 91
92 80
92 70
18 46
3 83
3 4
5 83
24 73
24 25
29 28
43 93
79 80
89 73
16 15
22 21
22 67
27 28
27 85
31 30
41 40
45 71
45 44
47 46
47 48
52 53
61 62
75 76
97 64
33 32
68 67
68 69
81 82
81 80
84 85
84 83
95 94
83 62
13 30
59 71
71 73
71 70
93 94
98 99
73 38
91 90
40 39
39 38
38 32
1 2
1 0
70 34