1 2 7 8 9 10 11 12 13 14 31 32 33 34 35 36 37 38 39 40 41 42 43 44 45 46 47 48 49 50 51 52 53 54 55 56 57 58 59 60 61 62 26 5 6 27 25 21 4 3 15 23 0 22 30 17 24 20 29 16 19 18 28
1 4
1 3
1 0
2 5
2 6
2 0
7 3
7 15
7 16
8 3
8 17
8 18
9 4
9 20
9 19
10 21
10 4
10 22
11 23
11 5
11 24
12 26
12 5
12 25
13 6
13 27
13 28
14 30
14 6
14 29
31 15
32 15
33 16
34 16
35 17
36 17
37 18
38 18
39 19
40 19
41 20
42 20
43 21
44 21
45 22
46 22
47 23
48 23
49 24
50 24
51 25
52 25
53 26
54 26
55 27
56 27
57 28
58 28
59 29
60 29
61 30
62 30