5 18 10 27 39 58 67 70 84 16 29 32 40 46 54 64 80 2 38 42 59 78 83 87 88 91 50 56 81 12 68 85 75 69 35 72 73 63 61 60 8 9 79 95 92 52 11 77 62 47 48 49 51 93 3 4 21 23 26 28 57 36 19 43 66 74 94 7 17
5 60
5 8
5 4
5 7
18 23
18 26
18 19
18 17
10 9
27 26
39 36
39 47
58 62
58 57
58 7
67 72
67 66
67 74
70 79
84 85
84 75
84 73
16 17
29 26
29 43
32 19
40 28
40 36
46 47
54 47
64 69
64 63
80 77
80 79
80 94
2 19
38 35
38 52
38 11
42 43
59 63
59 61
78 79
78 72
83 74
87 85
88 75
91 92
50 49
50 51
56 57
81 77
12 11
68 66
75 69
72 73
61 60
8 9
79 95
95 92
11 36
47 48
48 49
51 93
3 4
4 21
21 23
26 28