10 14 33 44 48 62 69 72 89 3 5 22 24 29 36 40 47 56 71 73 81 94 25 37 49 50 51 91 61 77 98 31 46 18 45 34 76 58 83 86 64 4 67 32 42 88 15 17 9 68 1 39 97 66 87 38 21 27 41 79 6 92 54 26 95 53 84 23 13 57 74
10 87
10 64
14 68
33 38
44 58
44 23
48 54
62 83
69 18
69 54
72 83
72 86
89 86
89 64
89 1
89 79
3 57
5 27
5 67
22 4
22 34
24 76
29 58
29 67
29 97
36 88
40 46
40 34
40 13
47 64
47 4
56 21
56 15
71 42
71 34
73 1
81 15
81 68
81 38
94 79
25 53
37 45
37 15
49 76
50 21
51 88
51 45
91 67
61 41
77 45
77 34
77 92
98 17
31 9
46 18
18 17
34 9
76 58
58 39
86 97
32 42
88 84
15 74
66 87
38 95
41 79
6 92
54 26
95 53
57 74