0 1 2 3 4 5 6 7 8 9 10 11 12 13 14 15 16 17 18 19 20 21 22 23 24 34 41 50 89 72 97 85 32 26 73 30 25 52 99 42 48 37 94 69 53 57 45 98 80 33 65 44 55 31 84 88 90 87 39 60 63 92 49 62 46 56 28 35 75 38 64 66 74 93 77
0 26
0 25
1 30
1 28
2 32
2 33
2 31
3 34
3 35
4 37
4 39
4 38
5 42
5 41
6 45
6 44
7 48
7 46
8 49
9 52
9 53
10 57
10 55
10 56
11 60
12 62
13 65
13 64
13 66
14 69
15 72
16 73
16 75
16 74
17 77
18 80
19 84
20 85
20 87
21 89
21 88
21 90
22 92
22 93
23 94
24 97
24 99
34 41
41 50
89 31
72 97
85 32
85 39
73 25
52 90
52 93
99 42
42 48
48 57
94 69
94 55
57 65
98 80
98 87
33 65
65 44
31 77
84 88
60 63
63 92
92 62
49 62
56 28
66 74