41 57 30 4 20 88 21 27 29 33 2 22 39 43 49 65 72 84 90 91 98 3 8 13 14 50 55 61 1 24 25 47 79 89 0 12 92 46 32 5 96 85 77 28 74 23 68 26 42 62 60 17 40 7 11 58 75 67 44 15 80 69 93 53 59 45 37 81 82 34 31 6 87 70
41 58
41 67
41 53
41 70
57 92
30 74
30 23
30 81
4 92
4 46
4 85
4 26
20 92
88 11
88 58
21 93
27 11
27 60
29 77
33 93
33 6
2 17
22 40
39 74
39 5
43 28
43 74
43 67
49 75
65 34
72 32
72 42
84 46
84 75
90 44
90 82
90 7
91 75
91 15
91 87
98 59
3 31
8 60
8 37
13 58
14 15
50 7
50 70
55 69
61 28
1 5
24 68
25 46
47 23
79 45
89 37
0 93
12 92
12 17
12 53
92 59
46 77
32 40
96 85
68 26
26 42
62 60
60 31
80 69
80 93
59 45
45 34
6 87