71 7 4 40 70 22 34 62 94 96 98 25 55 81 82 21 23 29 36 37 53 54 95 17 27 39 67 73 90 2 8 77 60 11 97 51 64 49 78 99 59 18 48 3 92 35 58 12 42 1 30 46 6 20 10 41 52 68 93 83 38 33 26 14
71 35
7 11
7 3
7 42
7 1
4 92
4 52
40 64
40 49
40 58
70 12
70 46
70 20
70 83
22 58
22 12
22 1
22 30
34 11
62 97
94 68
96 3
96 14
98 18
98 46
25 42
55 83
81 48
82 14
21 78
23 12
23 41
29 92
29 10
36 60
36 59
37 42
37 38
53 64
54 6
95 93
17 48
27 3
39 11
67 51
73 12
90 3
2 51
8 12
77 60
11 99
11 48
97 51
51 64
64 93
49 78
49 35
99 59
42 6
20 68
41 52
38 33
33 26