0 1 2 3 4 5 6 7 8 9 10 11 12 13 14 15 16 17 18 19 20 21 22 23 24 59 78 25 42 88 48 50 47 32 71 84 79 60 72 58 77 66 43 29 52 73 62 95 80 40 75 65 27 98 96 76 39 68 56 44 61 90 46 38 97 81 34 82 69 37 35 33 86 99 64 28 49 30 92
0 11
1 29
1 28
1 30
2 32
2 33
3 34
3 35
4 39
4 38
4 37
5 40
6 43
6 44
7 48
7 47
7 46
8 50
8 49
9 52
10 56
11 59
11 60
11 58
12 62
12 61
13 65
13 64
14 68
14 69
15 71
15 72
16 73
16 75
17 77
17 76
18 79
18 80
18 81
19 82
19 84
20 86
21 88
21 90
22 92
23 96
23 95
24 98
24 97
59 78
78 25
42 88
88 95
48 61
47 32
47 60
47 52
47 99
84 79
79 68
60 29
60 64
72 58
72 77
66 43
62 95
80 56
80 30
40 75
40 82
75 86
65 27
27 98
56 44
38 97
82 49
35 33
99 92