90 92 91 72 96 63 69 77 58 65 73 2 14 46 76 7 48 9 17 25 33 59 11 61 1 18 39 44 45 86 87 89 54 40 98 36 30 47 51 8 23 66 71 80 93 88 32 13 78 79 12 82 67 74 38 84 50 75 81 85 15 49 83
90 89
90 54
90 66
90 78
90 83
92 79
92 50
91 54
72 51
96 66
96 71
96 80
63 67
63 85
63 32
69 86
69 87
77 49
77 83
58 40
58 12
65 51
73 98
73 36
73 71
2 74
2 75
14 8
46 71
46 38
76 74
7 40
48 38
9 50
17 40
25 32
25 51
33 54
59 71
11 93
61 47
1 8
18 30
39 74
44 86
45 54
87 67
36 30
47 13
8 23
8 78
23 13
71 74
80 93
93 88
93 82
88 32
78 79
12 82
38 84
75 81
15 49