0 2 4 6 8 10 12 14 16 18 20 22 24 26 28 30 32 34 36 38 40 42 44 46 48 50 52 54 56 58 60 62 64 66 68 70 72 74 76 78 80 82 84 86 88 90 92 94 96 98 29 27 25 23 21 19 17 15 13 11 9 7 5 3 1 99 97 59 57 55 53 51 49 47 95 93 91 89 87 85 83 31 33 35 37 39 61 63 65 67 69 71 73 75 77 79 81 43 45
0 1
0 99
2 3
2 1
4 5
4 3
6 7
6 5
8 9
8 7
10 11
10 9
12 13
12 11
14 15
14 13
16 17
16 15
18 19
18 17
20 21
20 19
22 23
22 21
24 25
24 23
26 27
26 25
28 29
28 27
30 29
30 31
32 31
32 33
34 33
34 35
36 35
36 37
38 37
38 39
40 39
42 43
44 43
44 45
46 47
46 45
48 49
48 47
50 51
50 49
52 53
52 51
54 55
54 53
56 57
56 55
58 59
58 57
60 59
60 61
62 61
62 63
64 63
64 65
66 65
66 67
68 67
68 69
70 69
70 71
72 71
72 73
74 73
74 75
76 75
76 77
78 77
78 79
80 79
80 81
82 83
82 81
84 85
84 83
86 87
86 85
88 89
88 87
90 91
90 89
92 93
92 91
94 95
94 93
96 97
96 95
98 99
98 97