0 1 5 6 9 12 18 20 30 32 34 36 38 40 50 51 52 53 54 63 65 66 67 68 69 70 71 72 73 74 75 76 77 80 82 86 87 88 91 95 33 31 29 3 83 92 85 79 78 17 58 56 4 13 89 7 2 37 35 55 96 94 39 99 14
0 4
1 17
1 2
5 7
6 4
6 7
9 14
12 13
18 2
20 29
20 3
30 31
30 29
32 33
32 31
34 33
34 35
36 37
36 35
38 37
38 39
40 39
50 58
50 56
51 55
52 58
53 17
53 58
53 55
54 56
63 55
65 78
66 78
67 79
68 79
69 85
69 79
70 78
71 79
72 78
73 78
74 78
75 79
76 78
76 17
77 79
80 89
82 83
86 99
87 89
88 94
91 92
91 85
91 94
95 96
3 14
83 92
92 89
85 96
85 99
79 78
17 13
4 13
7 14