84 2 6 12 26 48 50 52 57 54 71 75 81 4 27 28 32 43 55 68 88 89 9 16 19 24 45 63 79 91 93 8 83 94 96 97 69 51 87 66 42 95 1 62 47 61 86 11 3 7 39 29 5 92 21 59 80 22 78 25 53 60 90 58 65 98 41 13 35 74 17 10 0 30 77 85 34 37 31
84 86
84 87
84 11
84 53
84 5
2 5
2 92
2 80
2 90
2 65
2 30
6 66
6 7
12 30
26 51
26 21
26 25
48 22
50 95
50 66
52 87
52 74
57 53
57 85
57 37
54 1
71 34
75 60
75 58
75 5
81 74
4 69
27 31
28 17
32 95
32 77
43 21
43 98
43 35
55 66
68 13
68 0
88 41
89 74
9 95
16 11
19 13
24 1
24 62
24 65
45 59
63 98
63 41
79 61
91 51
91 31
93 85
8 47
83 58
94 42
94 65
96 39
97 90
69 51
66 1
1 34
62 47
61 86
3 7
39 29
29 5
92 21
92 10
21 59
22 78
78 25
78 0
65 17