41 27 38 67 71 14 76 0 2 25 46 54 83 6 20 22 33 43 44 48 49 69 74 81 85 88 13 17 26 42 61 63 65 78 79 87 90 91 96 97 10 1 3 4 5 62 60 50 32 24 35 45 53 55 66 56 47 16 15 92 82 80 57 58 59 98 64 84 72 89 68 8 11 94 93 86 52
41 50
41 32
41 52
27 16
27 8
38 47
67 56
67 57
67 98
67 68
71 62
71 60
71 80
71 72
14 4
14 5
14 15
76 66
76 86
0 10
0 1
0 11
2 1
2 3
25 24
25 35
25 15
46 35
46 45
46 56
54 55
54 64
83 92
83 82
83 93
6 5
20 10
22 11
33 32
33 24
43 52
44 45
44 53
48 57
48 58
49 59
69 58
69 59
74 64
74 84
81 82
81 80
85 94
88 98
88 89
13 3
17 8
26 15
42 32
61 62
63 53
65 66
78 89
79 68
87 98
90 80
91 92
96 86
97 98
3 4
60 50
55 66
56 47
16 15
84 72
94 93