52 55 24 32 22 42 48 58 66 69 4 18 73 89 10 38 39 54 74 79 84 91 7 19 20 29 34 51 56 64 97 2 9 16 61 67 94 57 30 78 85 95 5 49 50 96 63 14 40 23 21 93 80 12 13 31 62 98 82 43 87 35 75 27 44 45 99 33 1 46 77 65 47 8
52 44
55 30
55 82
24 23
24 21
24 14
24 75
24 77
32 99
32 33
32 31
22 63
22 46
42 99
42 8
48 43
58 40
58 87
66 78
66 85
66 14
66 96
69 80
4 57
18 85
18 40
18 62
73 95
89 13
89 57
10 85
10 95
10 80
38 31
38 27
39 80
54 47
74 35
74 75
74 33
79 5
84 93
91 95
7 23
19 78
20 96
29 62
34 63
51 98
56 49
56 50
64 77
64 65
97 57
2 40
9 46
16 27
61 1
67 50
94 57
57 75
30 78
95 98
5 49
50 96
63 14
21 93
12 13
98 45
82 43
44 45
1 8
65 47