17 3 43 14 4 19 21 48 55 61 9 20 22 40 41 45 60 75 96 32 51 56 73 29 30 46 50 58 59 66 74 67 10 57 93 49 8 85 78 95 47 7 84 76 53 36 38 23 25 0 27 82 16 11 88 90 31 2 6 77 64 13 37 12 62 68 69
17 78
17 76
3 36
43 95
43 47
43 6
14 67
14 68
14 69
4 38
19 84
19 82
21 88
21 90
48 7
55 10
55 53
61 27
61 37
61 12
9 53
20 85
22 93
40 90
41 69
45 31
60 11
60 31
75 16
75 64
96 49
96 84
96 23
32 2
51 8
51 85
56 67
56 10
56 76
73 38
73 57
73 16
29 77
30 25
46 7
50 8
50 36
58 11
59 11
59 88
66 13
74 16
10 57
57 93
57 90
49 8
78 95
95 23
47 7
25 0
0 27
27 77
31 2
64 13
12 62
62 68