0 7 8 10 11 12 19 20 22 24 30 37 38 39 40 41 42 48 54 62 63 65 66 73 74 75 76 79 82 84 91 92 93 94 95 98 46 53 56 6 21 29 34 44 60 67 71 83 88 90 72 23 9 77 14 18 96 78 36 80 87 70 58 59 28 33 61 43
0 6
7 6
7 9
8 14
10 6
11 9
12 6
12 14
12 18
19 18
20 18
22 23
24 29
30 33
37 43
38 36
39 34
39 44
39 36
40 36
41 36
42 44
42 43
48 58
54 56
54 60
54 59
54 61
62 61
63 60
65 60
66 70
73 71
73 83
73 72
74 72
75 72
75 80
76 72
76 77
76 78
79 78
82 77
84 90
84 87
91 90
92 90
93 90
94 90
95 90
98 96
46 53
53 56
53 44
21 29
21 18
29 34
29 23
29 28
60 67
67 71
83 88
90 96
77 70
80 87
58 59
28 33