4 10 12 18 24 30 36 42 48 54 60 66 72 78 84 90 13 19 25 31 37 43 49 55 61 67 73 79 85 91 3 9 15 21 27 33 39 45 51 57 63 69 75 81 87 93 50 47 41 40 35 29 23 53 59 62 65 52 71 77 83 64 6 89 92 16 17 20 22 68 32 11 14 94 76 8 74 44 26 0 2 82 80 38 70 56 86
4 6
4 0
10 11
12 17
12 11
12 14
18 17
18 20
24 29
24 23
24 26
30 35
30 29
30 32
36 40
36 35
36 38
42 47
42 41
42 44
48 47
48 53
54 53
54 59
54 56
60 59
60 62
60 65
60 64
66 65
66 71
66 68
72 71
72 77
72 76
72 74
78 77
78 83
78 82
84 83
84 89
84 86
90 89
90 92
13 16
19 23
25 29
31 35
37 41
37 40
43 47
49 53
55 59
61 64
67 70
73 76
79 82
85 89
91 94
3 2
9 8
15 14
21 20
27 26
33 32
39 38
45 44
51 50
57 56
63 62
69 68
75 74
81 80
87 86
93 92
50 52
23 22
53 52
71 70
6 11
6 8
92 94
16 17
20 22
0 2
82 80