83 21 46 65 0 73 92 1 9 41 63 72 12 30 35 54 58 82 3 4 13 27 50 51 77 22 24 33 38 53 70 76 59 67 5 18 68 49 31 44 25 37 16 78 45 62 2 90 66 17 86 64 15 56 61 84 19 79 20 10 81 52 91 7 48 69 75 32
83 16
83 78
83 90
83 86
21 68
21 31
21 19
46 49
46 20
65 44
65 25
65 56
0 49
0 31
73 18
73 68
73 52
92 61
1 62
1 15
9 67
9 7
41 2
63 56
72 15
72 56
72 64
72 81
12 37
12 17
30 81
35 91
35 75
54 68
54 16
58 18
82 84
3 10
4 48
13 45
27 32
50 49
51 56
77 61
77 44
22 45
22 62
24 79
33 79
38 17
53 25
70 64
76 62
76 2
59 66
67 5
5 18
68 48
37 16
90 66
86 64
15 32
56 84
19 79
10 81
52 91
69 75