0 35 36 37 38 41 42 45 46 49 50 53 54 57 58 61 62 65 66 69 70 73 74 77 78 81 82 85 86 89 90 93 94 97 98 26 22 20 30 24 10 18 12 14 1 4 6 17 67 2 8 31 16 28 11 32 34 55 5 43 7
0 34
35 1
36 1
36 34
37 2
38 2
41 43
42 4
45 6
46 6
49 8
50 8
53 55
54 10
57 12
58 12
61 14
62 14
65 67
66 16
69 18
70 18
73 20
74 20
77 22
78 22
81 24
82 24
85 26
86 26
89 28
90 28
93 30
94 30
97 32
98 32
26 6
22 32
20 1
20 5
20 8
30 1
24 32
24 14
10 2
10 6
18 16
18 11
12 31
1 6
1 17
4 8
6 31
6 11
6 7
17 67
28 7
11 32
11 55
5 43