31 72 11 6 24 42 48 54 16 62 9 27 36 65 80 1 19 39 56 86 3 14 21 33 44 52 60 83 23 40 22 46 45 64 13 59 35 58 5 4 85 32 55 71 84 50 15 2 53 10 38 8 49 34 20 7 87 61 41 78 51
31 32
31 58
31 51
72 45
72 23
72 71
11 23
11 10
6 58
6 5
6 34
24 23
24 40
24 50
42 59
48 59
48 35
54 38
54 53
16 15
16 78
62 8
62 61
9 10
9 38
9 84
27 46
36 22
36 41
65 64
80 84
1 13
1 2
19 20
39 40
56 49
86 85
3 2
14 13
14 15
21 22
33 34
44 45
52 53
60 59
60 61
83 84
23 64
23 7
40 41
46 45
45 13
35 58
35 55
58 71
5 4
85 84
50 49
20 7
87 61