0 35 36 37 38 41 42 45 46 49 50 53 54 57 58 61 62 65 66 69 70 73 74 77 78 81 82 85 86 89 90 93 94 97 98 12 16 26 20 18 8 4 21 76 32 30 14 1 10 95 31 33 24 28 6 2 7 47 22 27 87 43 5 13 60 48 63 15
0 33
0 10
35 33
36 1
37 2
38 2
41 43
42 4
45 47
46 6
46 48
49 8
50 8
53 10
54 10
57 12
58 12
58 60
61 63
62 14
65 16
66 16
69 18
70 18
73 20
74 76
77 22
78 22
81 24
82 24
85 26
86 26
89 28
90 28
93 95
94 30
97 32
98 32
12 16
12 10
12 2
16 5
16 24
26 10
20 28
20 1
20 24
20 30
20 15
18 21
18 22
8 13
8 14
4 7
21 76
21 10
32 30
95 31
31 5
28 7
28 27
7 47
7 48
27 87
43 5
13 60
63 15