3 55 18 23 47 1 6 11 14 32 35 39 43 67 12 20 28 31 41 53 59 64 69 70 40 48 49 72 80 98 0 68 73 74 75 90 95 97 99 96 15 19 22 45 26 54 7 9 5 88 17 8 50 51 10 46 4 76 2 33 84 34 52 36 27 13 30 60 61 62 87 66 56 37 81 94 71
3 7
3 9
3 76
3 10
55 19
55 22
55 88
55 46
55 60
18 45
18 26
18 17
18 27
23 81
47 61
1 88
1 4
6 5
6 8
11 51
11 4
14 10
32 94
35 54
35 36
39 56
43 46
67 54
12 8
12 50
20 10
28 17
28 30
31 26
41 52
41 81
53 33
53 22
59 36
64 33
64 84
64 34
69 37
70 87
70 66
40 26
48 4
49 7
49 8
72 84
72 52
80 27
80 94
98 62
98 87
0 2
68 37
73 50
74 30
75 13
90 5
95 9
97 96
99 87
96 15
96 71
15 19
19 13
22 45
54 37
51 10
76 2
52 36
60 61
61 62
66 56