55 58 19 32 68 85 6 63 71 90 12 23 60 96 50 65 92 43 45 77 80 9 26 38 40 98 4 16 94 64 48 49 93 95 91 62 78 54 84 82 67 74 7 44 72 24 81 34 33 3 97 42 13 53 20 31 21 47 79 25 22 70 17
55 54
55 42
58 74
19 62
19 17
32 33
32 31
68 7
68 53
85 54
85 84
6 74
6 7
63 62
63 7
63 93
63 24
71 72
71 70
90 22
12 64
23 24
23 64
60 79
96 95
96 91
96 70
50 93
65 64
65 3
92 91
43 44
43 62
45 67
77 78
77 84
80 81
80 48
9 95
26 74
38 13
40 48
98 64
4 79
16 17
94 95
48 49
48 47
93 31
95 20
91 62
62 78
78 79
82 67
67 74
24 81
24 25
34 33
97 42
13 53
20 21
21 22