57 88 58 66 3 13 10 32 33 62 86 2 71 60 9 27 67 7 11 26 74 83 85 0 22 59 61 5 84 40 16 25 47 96 14 98 29 69 80 99 87 37 82 54 31 89 94 75 30 65 34 72 8 18 19 92 70 79 91 45 15 95 1 43 55 77 50 76
57 98
57 29
57 87
57 37
57 34
57 76
88 61
88 5
88 99
58 65
66 55
3 54
3 43
13 47
13 96
10 76
32 72
32 95
33 89
33 45
62 37
86 18
86 77
2 19
71 47
71 5
71 31
71 70
60 75
9 45
27 16
27 15
67 98
7 99
11 89
11 94
26 65
74 25
83 5
85 14
0 79
22 94
59 61
5 84
5 87
84 40
40 16
25 18
25 1
96 14
14 69
80 99
80 50
99 8
37 82
37 95
82 54
31 89
75 30
30 65
65 34
34 77
19 92
92 70
92 91
79 91
43 55