23 20 31 10 39 72 3 8 32 44 48 51 82 95 22 27 35 38 43 46 59 65 67 70 77 4 7 13 18 19 24 36 37 41 45 50 56 58 60 66 74 75 79 86 89 93 97 83 40 61 85 12 15 68 84 25 17 0 92 1 81 94 88 49 11 9 96 73 71 21 62 42 47 57 98 69
23 85
23 12
23 1
23 42
20 83
20 40
20 49
31 40
31 61
31 68
31 73
31 47
10 92
10 88
39 94
39 1
39 69
72 85
72 11
72 57
3 17
3 0
8 9
8 96
32 88
32 21
44 1
44 81
44 98
48 69
51 85
51 71
82 12
82 15
95 61
95 9
22 84
22 25
27 73
35 11
38 88
43 68
43 62
46 40
46 84
59 9
65 83
67 68
70 83
77 83
4 1
7 57
13 62
18 88
19 98
24 96
36 40
37 81
41 94
45 1
50 21
56 71
58 15
60 47
66 25
74 17
75 68
79 49
86 42
89 61
93 81
97 71
61 85
12 92
0 92