0 1 2 3 4 5 6 8 9 10 11 12 14 15 17 19 23 24 26 27 28 32 33 36 43 48 50 57 62 65 89 31 34 21 76 87 86 45 88 46 82 37 99 69 79 44 42 68 52 77 98 63 25 16 30 91 80 64 81 51 78 74 22 56 49
0 80
1 87
2 82
3 45
4 52
5 37
6 76
8 30
8 34
9 21
10 69
11 76
11 51
12 21
12 99
12 77
14 91
15 44
17 63
17 25
19 99
23 56
24 87
24 86
24 78
26 98
27 16
28 69
32 68
33 42
33 49
36 68
43 49
48 91
48 25
50 22
57 78
62 64
65 81
89 69
31 34
34 21
21 79
76 87
76 44
86 45
88 46
88 44
88 37
46 82
46 64
99 69
44 42
44 98
44 80
42 68
68 74
68 56
52 77
77 98
98 81
25 16
91 80
81 22