2 52 49 10 20 36 41 56 63 14 94 7 34 37 86 87 42 53 62 1 40 83 99 22 23 81 85 38 96 48 46 72 67 54 30 19 57 95 59 68 73 24 0 84 79 29 27 43 50 91 26 75 35 47 93 90 89 80 98 66 25 12 61 76
2 30
2 59
52 72
52 91
49 80
10 19
20 57
20 43
36 73
36 27
36 46
41 27
56 80
56 35
56 66
63 38
63 19
63 59
63 29
14 95
14 47
94 90
7 84
7 76
34 79
34 25
37 35
86 95
87 50
87 26
42 67
42 93
53 59
62 76
1 30
1 24
40 68
40 72
83 57
83 93
99 48
99 46
99 79
22 29
23 90
23 30
81 59
85 75
38 96
46 72
72 67
72 59
54 84
54 89
30 98
68 75
24 0
84 79
84 47
50 91
90 61
89 80
25 12