13 26 38 63 76 88 1 51 60 4 6 10 29 31 35 54 56 79 81 85 99 8 20 33 45 58 70 83 21 22 23 46 47 48 71 72 73 90 96 97 98 77 65 64 55 52 53 40 39 30 27 15 14 5 17 11 12 41 91 28 80 89 42 36 2 3 68 0 16 67 61 62 66 50 37 75 43 93 78 18 25
13 5
13 12
13 16
13 18
26 27
26 15
26 28
26 25
38 30
38 41
38 43
63 55
63 68
63 66
76 77
76 65
76 75
76 78
88 80
88 91
88 93
1 2
1 3
1 0
51 52
51 53
51 50
60 53
60 61
4 2
6 2
10 3
29 27
31 27
35 28
35 36
54 52
56 52
79 77
81 77
85 78
99 65
8 0
20 17
33 25
45 42
58 50
70 67
83 75
21 16
22 16
23 18
46 41
47 41
48 43
71 66
72 66
73 68
90 89
96 91
97 91
98 93
77 80
65 64
64 55
55 52
53 40
40 39
39 30
30 27
15 14
14 5
5 2
17 11
11 12
80 89
42 36
36 37
67 61
61 62