0 35 36 37 38 41 42 45 46 49 50 53 54 57 58 61 62 65 66 69 70 73 74 77 78 81 82 85 86 89 90 93 94 97 98 20 22 18 88 27 30 26 14 59 13 24 28 2 25 84 16 1 6 12 10 71 19 32 79 23 95 31 4 76 21 8 39 3 34 17 67 72
0 20
0 34
35 1
36 1
36 34
37 39
37 2
38 2
41 4
42 4
45 6
46 6
49 8
50 8
53 10
54 10
57 59
58 12
61 14
62 14
65 16
65 67
66 16
69 71
70 18
70 72
73 20
74 76
77 22
77 79
78 22
81 24
82 84
85 26
86 88
89 28
90 28
93 30
93 95
94 30
97 32
98 32
22 24
22 27
18 30
18 3
88 27
27 30
27 14
30 25
30 16
30 12
26 14
14 21
14 8
59 13
13 24
24 10
28 3
2 6
25 84
16 1
16 32
71 19
19 72
79 23
95 31
4 17
76 21
39 3
17 67