0 35 36 37 38 41 42 45 46 49 50 53 54 57 58 61 62 65 66 69 70 73 74 77 78 81 82 85 86 89 90 93 94 97 98 16 22 10 32 30 20 12 26 18 8 28 4 6 2 14 1 34 24 72 19 25 84 13 59 91 29 71
0 34
35 1
36 1
36 34
37 2
38 2
41 4
42 4
45 6
46 6
49 8
50 8
53 10
54 10
57 12
57 59
58 12
61 14
62 14
65 16
66 16
69 18
69 71
70 18
70 72
73 20
74 20
77 22
78 22
81 24
82 24
82 84
85 26
86 26
89 28
89 91
90 28
93 30
94 30
97 32
98 32
16 14
22 2
22 6
22 26
22 1
10 18
32 8
32 28
30 20
20 19
12 1
18 14
18 1
28 14
4 1
4 24
19 71
25 84
13 59
91 29