4 34 76 1 6 23 31 56 8 10 54 65 68 84 12 14 16 18 21 25 27 36 38 40 43 46 49 51 58 61 63 70 73 79 81 86 88 91 94 97 9 7 78 85 5 20 89 93 57 72 2 3 45 98 28 29 30 48 50 80 24 22 33 32 90 69 60 59 19 35 37 92 44 96 11 42 41 17 64 13
4 5
4 20
4 57
4 3
4 90
34 78
34 80
34 33
34 35
76 29
1 72
1 2
6 7
6 5
23 24
23 22
23 28
23 96
31 30
31 48
31 60
31 32
56 93
56 57
56 45
8 9
8 7
8 98
10 9
10 11
54 32
65 45
65 64
68 69
84 85
84 89
12 11
12 13
14 13
16 17
18 19
18 17
21 20
21 22
25 24
27 28
36 35
36 37
38 37
40 41
43 44
43 42
46 45
49 48
49 50
51 50
58 57
58 59
61 60
63 64
70 69
73 72
79 78
81 80
86 85
88 89
91 90
91 92
94 93
97 96
9 85
20 19
72 69
2 3
45 44
28 29
29 30
33 32
42 41