0 3 5 6 7 8 11 12 14 16 18 19 20 22 23 30 32 33 35 39 40 43 46 48 49 52 53 54 55 56 57 59 60 61 62 66 67 68 69 70 74 76 78 79 80 81 82 83 84 86 87 89 90 91 94 1 2 21 28 9 31 71 4 15 45 37 26 10 17 29 25 42 24 63 75 41 64 36 72 65
0 1
0 2
0 4
0 17
3 2
3 21
3 36
5 1
5 10
6 1
7 9
7 2
7 15
7 25
7 42
8 1
8 71
11 4
11 24
12 4
14 9
14 31
16 9
18 9
18 29
19 2
20 15
20 45
22 21
22 28
23 37
23 4
23 26
30 28
32 2
32 64
32 72
33 29
35 24
35 63
39 17
39 41
40 1
43 28
46 45
46 75
48 1
49 21
49 65
52 28
53 41
54 4
55 2
56 42
57 15
59 31
60 31
61 21
62 37
66 24
67 65
68 26
69 64
70 2
74 63
76 15
78 72
79 37
80 36
81 45
82 1
83 25
84 26
86 17
87 45
89 75
90 71
91 10
94 4