0 1 3 4 6 8 9 10 11 12 13 14 17 18 20 25 31 32 33 35 49 57 58 64 73 74 86 91 81 94 82 96 19 42 56 27 22 79 76 92 7 36 23 59 5 38 30 78 75 80 51 44 15 54 55 98 43 28 63 2 85 60 41 45 71 93
0 56
0 59
0 71
1 94
1 63
3 7
4 54
6 94
8 23
9 27
9 76
9 19
10 81
11 36
11 63
12 75
13 38
13 85
14 41
17 28
18 54
20 5
25 81
31 45
32 56
33 93
35 82
49 63
57 44
58 81
64 80
73 43
74 27
74 30
74 28
74 60
86 82
91 60
91 93
81 94
94 79
82 96
96 19
96 15
19 42
19 23
56 27
27 22
27 41
22 79
76 92
76 75
76 45
92 7
5 38
30 78
75 80
75 54
51 44
44 60
54 55
55 98
55 2
98 43
2 85