15 0 2 4 6 8 10 12 17 19 21 23 25 27 29 31 33 35 37 39 41 43 51 53 55 57 59 61 63 65 67 3 5 7 9 11 13 14 16 18 20 22 24 62 60 58 56 54 52 50 45 44 42 40 38 36 34 32 64 26 28 68 69 1
15 14
15 16
15 50
15 45
0 69
0 1
2 3
2 1
4 3
4 5
6 5
6 7
8 7
8 9
10 9
10 11
12 11
12 13
17 16
17 18
19 18
19 20
21 20
21 22
23 22
23 24
25 24
25 26
27 26
27 28
29 28
31 32
33 34
33 32
35 36
35 34
37 38
37 36
39 40
39 38
41 42
41 40
43 44
43 42
51 52
51 50
53 54
53 52
55 56
55 54
57 58
57 56
59 60
59 58
61 62
61 60
63 62
63 64
65 64
67 68
13 14
45 44
68 69