3 33 6 16 44 46 13 15 43 84 19 26 36 56 63 72 11 27 35 38 53 68 42 50 62 71 75 80 82 83 86 89 91 94 95 97 98 28 24 85 66 78 25 23 48 65 14 77 17 55 5 0 1 8 4 2 60 47 12 18 61 64 67 52 39 54 57 20 45 40 37 10 41
3 0
3 4
33 78
33 25
33 40
33 41
6 8
6 4
6 24
6 10
16 5
16 47
16 12
16 18
16 61
44 54
44 57
44 40
46 60
13 14
15 14
43 52
43 20
84 85
84 66
84 77
19 18
19 20
26 23
26 45
36 17
36 55
56 52
63 1
63 60
63 67
72 65
11 10
27 28
27 24
35 61
38 8
53 47
68 64
42 41
50 45
62 28
71 55
75 57
80 66
82 39
83 64
86 77
89 67
91 65
94 78
95 55
97 78
98 65
24 85
66 78
25 23
25 64
23 48
48 65
48 37
14 77
14 17
17 18
1 2
4 2
39 54