5 12 14 23 25 27 38 40 42 44 57 59 61 63 74 76 78 87 89 96 46 55 0 1 92 88 83 77 70 62 52 66 75 82 95 98 34 30 39 49 68 41 54 35 33 58 4 7 18 48 26 47 24 2 3 6 9 20 32 21 51 50
5 4
12 7
12 18
14 9
14 20
23 24
25 33
25 18
25 24
27 21
38 39
40 41
40 49
40 32
40 50
42 52
42 41
44 54
44 35
57 48
57 47
59 49
59 68
61 51
63 62
74 66
74 75
76 83
76 75
78 77
87 82
89 83
96 92
46 47
55 54
0 98
1 2
92 88
92 95
88 83
83 77
77 70
62 52
66 58
75 82
75 68
95 98
34 35
34 33
30 39
39 49
39 48
41 33
33 26
4 7
26 20
2 3
3 6
6 9
20 21
51 50