0 1 6 8 24 36 92 22 28 29 37 41 57 63 75 11 55 60 89 20 21 42 48 51 53 68 69 77 81 83 90 96 97 43 45 3 2 4 39 54 98 13 7 32 30 23 84 67 18 16 5 74 17 10 34 27 47 93 70 49 71 82 59 58 9 46 44
0 67
0 9
1 4
1 39
1 7
1 16
1 5
6 67
6 18
8 4
24 23
36 9
92 10
92 34
92 70
92 71
22 3
22 46
28 74
28 49
29 32
29 30
37 27
37 71
41 84
57 67
57 58
63 39
63 54
63 84
75 74
11 5
11 74
55 54
60 54
60 98
89 23
20 3
20 82
21 13
42 17
48 49
51 23
53 16
68 34
69 93
77 46
81 47
83 58
90 23
96 7
97 98
43 44
45 13
3 2
2 4
2 13
2 47
7 32
32 10
30 23
67 17
18 16
17 44
93 70
59 58