0 35 36 37 38 41 42 45 46 49 50 53 54 57 58 61 62 65 66 69 70 73 74 77 78 81 82 85 86 89 90 93 94 97 98 30 32 24 16 10 14 6 22 63 15 20 4 18 1 2 12 8 71 19 31 96 28 26 27 88 56 11
0 32
0 6
35 1
36 1
37 2
38 2
41 4
42 4
45 6
46 6
49 8
50 8
53 10
54 10
54 56
57 12
58 12
61 63
62 14
65 16
66 16
69 71
70 18
73 20
74 20
77 22
78 22
81 24
82 24
85 26
86 26
86 88
89 28
90 28
93 30
94 96
94 30
97 32
98 32
30 32
30 15
30 26
32 24
32 10
32 22
32 4
16 10
16 2
14 8
22 12
22 20
63 15
20 28
4 18
1 28
2 8
71 19
19 31
31 96
27 88
56 11