7 19 37 94 0 73 8 23 47 81 5 26 34 38 66 32 39 52 90 3 18 57 74 20 28 83 27 79 99 86 17 68 14 6 61 45 42 50 55 95 35 2 65 89 33 84 77 10 67 21 59 98 41 97 63 71 88 62 43 22 96 54 1 91 80 15 78 64
7 95
7 35
7 33
19 65
37 6
37 61
37 98
37 67
94 67
94 1
94 35
0 45
0 42
0 10
0 80
73 45
73 50
73 91
73 64
8 96
23 68
23 96
47 14
81 63
5 21
5 68
26 33
26 21
26 59
34 54
34 63
38 6
66 80
32 33
39 55
39 89
39 84
39 77
52 96
90 78
3 64
18 17
57 77
74 43
20 65
20 22
28 54
83 97
27 42
79 62
99 80
86 14
17 68
68 91
14 6
14 41
45 63
55 95
55 71
35 2
2 65
10 97
71 88
88 62
43 22
22 15
15 78