0 5 44 1 16 17 30 41 7 9 14 22 50 6 8 13 19 21 23 28 32 33 39 56 26 35 53 57 58 25 66 74 68 24 93 97 42 18 91 76 75 88 36 89 47 60 11 81 27 37 82 72 54 20 77 71 86 67 38 59 52 31
0 25
0 66
0 74
0 68
0 24
0 93
0 97
0 91
0 76
0 75
0 88
0 89
0 81
0 82
0 72
0 77
0 71
0 86
0 67
5 42
5 37
44 18
1 36
16 59
17 31
30 27
30 37
41 24
41 37
7 67
7 52
7 31
9 58
9 11
14 38
14 59
22 42
22 18
50 97
6 37
8 68
13 71
19 76
21 52
23 54
28 11
28 82
32 24
33 86
39 47
56 60
56 11
26 20
35 24
53 37
57 58
24 54
88 36
47 60
27 38
20 77