0 3 4 7 8 11 12 15 16 19 20 23 24 27 28 31 32 35 36 39 40 43 44 47 48 51 52 55 56 59 60 63 64 67 68 71 72 75 76 79 80 83 84 87 88 91 92 95 96 99 37 41 85 89 93 97 1 77 81 2 6 10 14 18 22 26 30 34 38 42 46 45 33 29 25 21 17 13 9 5 98 94 90 86 82 78 74 70 66 65 69 73 62 58 54 53 57 61
0 1
0 2
0 98
3 5
3 1
4 2
4 6
7 9
7 5
8 6
8 10
11 13
11 9
12 10
12 14
15 17
15 13
16 14
16 18
19 21
19 17
20 18
20 22
23 25
23 21
24 22
24 26
27 29
27 25
28 26
28 30
31 33
31 29
32 30
32 34
35 37
35 33
36 34
36 38
39 37
39 41
40 38
40 42
43 41
43 45
44 42
44 46
47 45
48 46
51 53
52 54
55 53
55 57
56 58
56 54
59 57
59 61
60 62
60 58
63 65
63 61
64 66
64 62
67 65
67 69
68 70
68 66
71 69
71 73
72 74
72 70
75 77
75 73
76 78
76 74
79 77
79 81
80 82
80 78
83 85
83 81
84 86
84 82
87 85
87 89
88 90
88 86
91 89
91 93
92 94
92 90
95 93
95 97
96 98
96 94
99 97
99 1