2 4 6 8 11 13 15 17 22 24 26 28 31 33 35 37 40 42 44 46 48 53 55 57 62 64 66 68 71 73 75 77 82 84 86 91 93 95 97 99 67 65 63 83 61 87 27 43 23 34 36 38 58 78 98 45 85 7 41 47 54 56 12 32 52 92 94 25 76 72 74 81 18 96 16 21 14 5 3 1
2 3
2 1
4 5
4 3
6 7
6 5
8 7
11 12
13 14
13 12
13 3
15 16
15 14
17 16
17 18
22 21
22 23
24 23
24 25
24 14
24 34
26 25
26 27
28 27
31 32
33 34
33 32
35 34
35 36
37 36
37 38
40 41
42 43
42 41
44 45
44 43
44 34
44 54
46 45
46 47
48 47
53 54
53 52
55 54
55 56
57 58
57 56
62 61
62 63
64 65
64 63
64 54
64 74
66 67
66 65
68 67
71 72
73 72
73 74
75 74
75 76
77 78
77 76
82 83
82 81
84 85
84 83
84 74
84 94
86 87
86 85
91 92
93 92
93 94
95 94
95 96
97 98
97 96
99 98