0 4 13 28 37 88 10 27 38 45 61 75 80 17 31 71 42 51 69 43 49 82 84 19 23 50 55 97 8 64 68 87 24 74 57 48 70 94 52 95 25 62 72 36 40 67 79 16 96 89 53 85 92 65 30 7 91 54 93 6 32 78 73 29 83 15 77 76 11 1 63 81 90
0 91
0 85
4 79
4 16
4 96
13 36
13 30
28 73
28 78
28 92
37 52
37 54
37 78
37 63
88 52
88 16
10 57
27 89
27 6
38 93
45 95
45 74
45 25
45 83
45 90
61 54
61 93
75 40
75 11
80 65
80 54
80 29
17 95
31 85
31 32
71 24
42 48
51 40
69 36
69 40
69 32
43 62
49 92
82 89
82 76
84 67
84 53
19 78
23 81
50 85
55 53
97 96
8 24
8 72
64 72
68 79
87 90
24 74
74 57
74 67
57 48
57 70
57 15
70 94
94 52
52 7
25 62
89 29
7 91
6 81
77 76
11 1