11 20 6 14 1 3 47 52 57 4 13 23 48 53 56 77 97 27 31 33 42 46 49 50 51 55 40 54 61 71 72 75 76 82 89 90 95 45 84 64 38 8 44 37 93 28 21 35 9 5 99 34 15 2 30 29 59 24 94 19 69 66 17 36 70 58 7 78 86 91 22 74 88 63 12
11 59
11 58
20 86
6 44
6 45
14 69
1 28
1 30
1 29
3 35
3 34
3 36
47 59
47 7
52 9
57 99
4 38
4 37
13 66
13 64
23 94
23 95
48 7
53 9
53 63
56 93
56 44
77 64
77 38
77 17
97 24
97 38
27 36
31 45
31 2
33 2
42 5
42 88
46 7
49 8
49 70
50 8
51 8
55 91
40 5
40 44
54 35
54 9
61 12
71 15
72 64
72 15
75 99
76 17
82 19
89 21
90 74
95 45
45 84
84 19
64 34
44 37
93 28
93 22
21 88
99 24
15 70
30 74
29 59
69 66
17 78
58 86
91 22
63 12