6 47 0 8 21 4 10 12 30 33 42 76 91 13 28 71 72 86 96 36 40 46 58 69 73 78 95 53 85 65 62 52 9 29 20 87 22 92 17 93 48 7 81 18 80 88 90 60 37 39 16 74 45 44 64 32 2 61 14 89 56 25 27 70 15 54 26 41 34 75 5 77 98 97 24 11 51 23
6 45
6 44
47 7
47 54
0 25
0 27
0 26
8 51
21 88
21 90
21 89
4 37
4 39
10 56
12 62
12 61
30 34
33 90
33 2
42 74
42 77
42 5
76 17
91 22
91 88
13 65
13 64
28 29
71 15
72 45
86 88
86 74
86 20
96 75
96 51
96 23
36 89
40 60
40 5
46 62
46 7
58 92
58 80
58 11
69 61
69 14
73 62
73 29
73 16
78 17
95 23
53 9
85 20
85 44
65 62
52 9
9 54
20 87
87 26
22 92
22 93
17 77
48 7
81 18
18 80
60 37
16 74
16 75
32 2
61 98
56 25
27 70
70 15
41 34
41 5
98 24
97 24