34 0 68 48 52 56 38 65 69 33 49 7 75 6 12 18 27 35 82 10 29 39 4 14 15 32 72 5 43 54 51 93 30 20 46 96 98 1 42 81 85 19 11 67 36 28 31 64 97 41 40 95 2 84 58 55 9 53 79 24 57 74 76 83 16 94
34 51
34 30
34 46
34 16
0 81
0 83
68 19
68 11
68 67
68 54
68 95
68 74
48 51
48 97
48 81
48 24
52 1
52 20
56 64
38 85
65 24
65 57
69 41
33 30
49 93
49 28
7 84
7 74
75 51
6 94
12 36
18 20
18 85
27 42
35 5
35 43
35 40
82 11
10 2
29 98
39 54
4 96
14 67
15 40
32 58
72 16
43 54
43 93
54 53
30 20
30 11
20 98
20 94
46 96
42 81
11 9
36 57
28 31
31 64
41 95
40 2
58 55
55 74
79 24
76 83