43 14 38 81 67 17 5 33 7 37 51 52 56 49 10 13 93 94 95 50 64 41 48 65 15 19 80 0 35 98 53 74 63 90 39 27 77 85 78 97 86 23 20 3 29 62 57 72 21 32 6 24 89 42 69 44 75 92 4
43 6
43 24
14 27
38 78
38 97
38 86
38 57
81 0
81 39
67 78
17 4
5 42
33 21
33 69
7 20
37 62
37 32
51 72
52 98
56 92
49 57
10 3
13 4
93 44
94 23
94 20
94 89
94 4
95 6
50 90
64 89
41 98
48 35
65 24
15 78
19 98
80 0
35 85
98 53
98 20
53 74
53 69
74 63
74 72
63 90
90 77
39 3
39 29
27 77
27 92
77 24
85 78
78 29
97 20
97 32
97 42
21 75
44 75