0 35 36 37 38 41 42 45 46 49 50 53 54 57 58 61 62 65 66 69 70 73 74 77 78 81 82 85 86 89 90 93 94 97 98 16 28 10 20 1 14 30 12 4 2 6 43 5 24 18 32 26 25 84 39 3 8 40 79 23 22
0 30
35 1
36 1
37 39
38 2
38 40
41 43
42 4
45 6
46 6
49 8
50 8
53 10
54 10
57 12
58 12
61 14
62 14
65 16
66 16
69 18
70 18
73 20
74 20
77 79
78 22
81 24
82 84
85 26
86 26
89 28
90 28
93 30
94 30
97 32
98 32
16 18
28 12
28 22
28 14
10 3
10 32
20 6
20 12
20 26
20 3
1 6
14 5
30 12
4 25
6 24
6 18
43 5
18 23
26 25
25 84
39 3
3 40
8 22
79 23