43 10 94 25 53 46 66 76 85 8 62 36 40 68 81 97 5 74 78 83 13 38 55 1 15 51 90 91 7 6 95 37 60 86 65 29 61 30 56 9 35 41 34 84 73 0 88 89 48 49 50 80 79 3 52 20 21 22 19 64 70 69 42 99 98
43 42
43 65
10 60
10 9
10 20
94 41
94 69
25 22
53 86
53 61
46 37
46 60
46 34
66 69
66 99
76 37
85 6
85 35
85 19
85 70
8 88
62 30
36 35
36 37
40 30
40 41
68 48
68 69
81 80
97 29
5 6
74 9
78 0
78 88
78 50
83 84
83 91
13 79
38 86
38 65
55 56
1 0
15 34
51 52
90 91
91 95
7 6
95 37
95 29
37 65
56 3
35 80
35 79
84 73
88 89
48 49
49 50
50 79
3 52
52 20
20 21
21 22
19 64
99 98