0 35 36 37 38 41 42 45 46 49 50 53 54 57 58 61 62 65 66 69 70 73 74 77 78 81 82 85 86 89 90 93 94 97 98 22 26 60 13 2 12 8 14 4 18 10 20 6 24 1 32 28 33 16 23 79 25 29 92 55 11 30
0 28
0 33
0 23
35 33
36 1
37 2
38 2
41 4
42 4
45 6
46 6
49 8
50 8
53 55
53 10
54 10
57 12
58 60
61 14
62 14
65 16
66 16
69 18
70 18
73 20
74 20
77 22
77 79
78 22
81 24
82 24
85 26
86 26
89 28
90 92
93 30
94 30
97 32
98 32
22 32
26 4
60 13
13 4
2 18
2 16
2 29
2 14
2 4
12 8
12 1
12 11
12 20
14 32
14 20
20 25
6 29
6 30
24 25
28 29
29 92
55 11