0 35 36 37 38 41 42 45 46 49 50 53 54 57 58 61 62 65 66 69 70 73 74 77 78 81 82 85 86 89 90 93 94 97 98 14 91 29 32 20 9 8 4 16 30 26 18 6 22 60 13 2 10 12 24 31 96 28 34 1 40 3
0 34
0 30
0 3
35 1
36 34
37 2
38 40
38 2
41 4
42 4
45 6
46 6
49 8
50 8
53 10
54 10
57 12
58 60
58 12
61 14
62 14
65 16
66 16
69 18
70 18
73 20
74 20
77 22
78 22
81 24
82 24
85 26
86 26
89 91
90 28
93 30
94 96
97 32
98 32
14 22
91 29
29 32
32 18
20 9
20 1
20 24
20 6
9 8
4 10
4 18
16 12
26 18
18 12
18 6
6 22
6 28
60 13
12 3
12 31
31 96
40 3