13 3 15 87 0 1 2 5 18 89 98 7 17 52 69 74 88 94 43 44 45 49 59 60 67 73 84 39 57 58 63 82 85 96 95 83 11 33 51 8 21 55 10 19 90 65 75 16 79 80 81 66 23 30 29 54 9 50 35 68 72 27 42 20 97 70 14 62 12 48 53 86 78 77 34 47 28
13 65
13 66
3 35
3 34
15 70
87 20
87 83
87 70
87 68
0 27
1 30
1 29
1 28
2 33
5 42
18 79
18 80
18 81
89 21
89 55
89 62
89 48
98 54
98 42
98 51
7 48
7 47
17 78
17 77
52 9
69 14
69 77
74 16
88 21
88 65
94 80
94 23
94 30
94 53
43 34
44 50
45 97
49 8
59 75
59 11
60 11
67 90
67 14
73 29
84 19
84 54
84 97
39 72
57 10
58 83
58 11
63 12
82 19
85 20
96 33
96 23
95 83
83 19
51 8
8 50
21 90
55 10
75 16
54 9
9 53
35 68
68 14
72 27
27 34
20 86
62 12