29 58 97 0 1 2 4 8 13 14 17 21 27 34 42 81 98 11 7 25 50 15 52 53 95 96 46 68 30 74 62 24 3 70 20 45 36 65 66 72 28 16 49 76 55 23 94 18 19 67 69 59 60 33 63 99 73 10 5 38 47 80 43 31 83 26 35 57
29 49
29 19
58 65
97 74
97 62
0 28
1 5
2 72
2 10
4 72
4 60
4 20
4 23
8 46
13 31
14 5
14 60
17 33
17 47
21 28
21 49
21 76
27 24
27 35
34 59
42 33
81 18
98 94
98 80
98 83
11 5
7 43
25 66
25 67
50 60
15 63
15 16
52 73
52 63
53 69
95 94
96 57
46 68
68 30
68 72
30 74
62 24
3 70
3 18
70 20
20 45
45 36
36 65
65 76
65 59
16 55
16 23
16 33
23 94
18 99
67 69
67 38
69 47
5 31
80 43
31 57
83 26