96 69 87 11 16 42 64 54 29 38 4 14 19 0 78 80 90 51 70 57 79 40 50 66 74 44 84 49 26 67 39 21 76 6 85 34 17 72 83 2 8 32 28 60 62 88 73 36 1 23 10 97 56 30 91 25 61 95 48 20 68 5 3 41 15 99 13
96 1
96 23
69 72
69 83
69 60
87 62
11 28
11 61
11 95
16 49
16 97
16 15
42 34
42 32
42 99
64 76
64 97
64 48
54 68
54 88
29 56
38 13
4 1
14 76
19 28
19 60
19 3
0 34
78 85
80 67
80 39
80 10
90 8
51 6
51 39
70 23
70 5
57 95
79 95
40 68
50 99
66 41
74 36
44 60
84 17
49 26
21 76
21 72
76 73
6 62
85 34
34 17
17 72
72 62
83 2
2 8
28 23
62 88
73 36
36 30
1 56
23 91
25 61
48 20
48 41
5 13