0 35 36 37 38 41 42 45 46 49 50 53 54 57 58 61 62 65 66 69 70 73 74 77 78 81 82 85 86 89 90 93 94 97 98 20 26 24 8 1 28 4 6 12 18 16 10 2 7 48 22 32 14 15 3 40 30 56 11 63
0 8
35 1
36 1
37 2
38 2
38 40
41 4
42 4
45 6
46 48
49 8
50 8
53 10
54 56
57 12
58 12
61 14
61 63
62 14
65 16
66 16
69 18
70 18
73 20
74 20
77 22
78 22
81 24
82 24
85 26
86 26
89 28
90 28
93 30
94 30
97 32
98 32
20 18
20 4
26 3
26 28
26 10
24 4
8 18
8 22
1 15
1 30
28 15
28 22
6 18
12 14
16 22
2 7
7 48
32 14
15 63
3 40
30 11
56 11