0 10 15 3 8 17 22 24 25 29 6 14 23 27 28 40 2 5 11 12 21 19 31 34 37 41 42 43 45 46 47 58 59 67 71 63 76 50 36 32 79 7 44 9 84 93 81 4 56 97 64 92 54 30 53 83 95 55 94 85 78 38 72 13 73 89 1 74 75 98
0 76
0 79
0 7
0 44
0 84
0 93
0 81
0 4
0 97
0 92
0 83
0 95
0 94
0 85
0 78
0 89
0 74
0 75
0 98
10 83
15 44
15 9
15 64
3 63
3 50
8 81
17 32
22 38
22 72
24 55
24 94
25 95
29 98
6 79
14 53
14 73
23 93
27 54
27 30
28 56
28 97
40 50
40 36
40 13
2 75
5 78
5 38
11 84
12 85
21 92
19 54
31 63
34 72
37 4
41 55
42 7
43 56
45 1
46 73
47 64
58 4
59 64
67 13
71 9
50 53
36 32
44 53
4 30
1 74