14 24 35 41 42 45 46 48 53 54 64 75 85 5 50 59 94 0 2 7 9 11 16 18 20 22 26 29 33 37 61 62 66 67 68 70 73 79 81 83 87 90 92 96 98 19 39 49 69 89 99 97 4 6 8 34 36 56 1 3 51 31 21 12 13 95 74 63 58 65 27 47 57 32 23 15 43 17 60 40 52 44 84 93 38 28 86 88 78 80 30 72 82
14 13
14 15
24 23
24 15
35 34
35 36
41 51
41 31
41 40
41 52
42 32
45 65
46 36
46 56
46 47
48 58
48 38
53 63
53 44
54 44
64 63
64 65
75 84
85 74
85 86
85 84
5 4
5 6
50 60
50 40
59 49
59 69
59 58
94 84
94 93
0 1
2 1
2 3
7 6
7 8
9 19
9 8
11 21
11 12
16 15
16 17
18 17
18 28
20 30
22 32
22 23
26 27
29 19
29 39
33 34
33 43
37 27
37 47
61 51
62 72
66 56
66 65
67 57
68 58
68 78
70 60
70 80
73 74
73 72
79 69
79 89
81 82
83 84
83 82
87 86
87 88
90 80
92 93
96 97
96 95
98 99
98 97
39 49
89 99
4 3
31 21
12 13
58 47
47 57
40 30
38 28
88 78