0 35 36 37 38 41 42 45 46 49 50 53 54 57 58 61 62 65 66 69 70 73 74 77 78 81 82 85 86 89 90 93 94 97 98 20 2 22 12 26 63 15 1 21 76 10 28 4 8 6 32 24 48 7 18 16 30 95 31 39 3 14 11 55 17 67
0 8
35 1
36 1
37 2
37 39
38 2
41 4
42 4
45 6
46 48
49 8
50 8
53 10
53 55
54 10
57 12
58 12
61 63
62 14
65 67
66 16
69 18
70 18
73 20
74 76
77 22
78 22
81 24
82 24
85 26
86 26
89 28
90 28
93 95
94 30
97 32
98 32
20 12
2 21
2 24
22 24
12 24
26 24
63 15
15 24
1 28
21 76
10 24
10 31
28 4
28 6
4 17
8 24
6 16
6 24
32 3
24 18
48 7
7 18
16 30
95 31
39 3
14 11
11 55
17 67