3 6 9 12 15 18 21 24 27 30 33 36 39 42 45 48 51 54 57 60 63 66 69 72 75 78 81 84 87 90 93 96 8 11 14 17 20 23 26 86 83 80 77 74 71 68 65 62 59 56 53 50 47 44 41 38 29 32 35 89 92 95 98 5 2
3 5
3 2
6 8
6 5
9 8
9 11
12 11
12 14
15 14
15 17
18 17
18 20
21 20
21 23
24 23
24 26
27 26
27 29
30 29
30 32
33 32
33 35
36 38
36 35
39 41
39 38
42 44
42 41
45 47
45 44
48 50
48 47
51 53
51 50
54 56
54 53
57 59
57 56
60 62
60 59
63 65
63 62
66 68
66 65
69 71
69 68
72 74
72 71
75 77
75 74
78 80
78 77
81 83
81 80
84 86
84 83
87 86
87 89
90 89
90 92
93 92
93 95
96 95
96 98