0 1 2 3 4 5 6 7 8 9 10 11 12 13 14 15 16 17 18 19 20 21 22 23 24 42 29 47 76 77 50 74 81 99 36 31 33 66 83 35 53 94 68 55 78 90 80 60 84 46 65 62 98 88 57 86 93 43 39 40 91 67 61 44 34 37 79 45 30 96 54 52 26 73 28 32 27 72 48
0 26
0 27
1 28
1 29
2 31
2 33
2 32
3 36
3 34
3 35
4 39
4 37
5 42
5 40
6 43
6 44
6 45
7 47
7 48
8 50
9 54
9 52
9 53
10 55
10 57
11 60
12 62
12 61
13 65
14 68
15 72
16 74
16 73
17 76
17 77
17 78
18 80
18 81
18 79
19 83
19 84
20 86
21 90
22 93
22 91
23 94
23 96
24 99
24 98
42 29
29 47
47 76
77 50
81 99
99 93
99 94
36 31
33 66
83 35
83 27
35 53
68 55
90 80
60 28
84 46
46 65
98 88
57 86
86 44
86 73
93 40
39 40
91 67
67 61
44 34
34 37
30 96
32 72