0 4 40 8 16 71 1 10 13 29 58 7 9 19 5 11 18 21 22 30 44 53 54 56 26 50 59 31 57 90 77 45 92 82 61 69 41 62 80 25 3 43 74 2 75 93 81 70 87 46 79 23 83 84 37 32 94 52 98 67 34 6 78 12 72
0 57
0 90
0 77
0 92
0 82
0 74
0 75
0 93
0 81
0 87
0 79
0 94
0 98
4 45
4 61
4 3
4 46
40 31
40 25
40 43
8 80
8 62
16 41
16 37
71 70
71 6
1 41
1 62
1 74
1 52
10 82
13 70
13 84
13 32
13 34
29 69
29 62
58 2
7 23
9 46
19 90
19 12
5 72
11 43
11 83
18 31
21 52
22 93
30 37
44 61
53 67
54 45
56 69
56 23
26 57
50 43
59 32
31 57
69 70
25 3
2 75
67 34
6 78
12 72